client/__mocks__/is-my-json-valid.js(3,31): error TS6307: File '/Users/sergio/src/automattic/wp-calypso/client/__mocks__/lib/json-schema-draft-04.json' is not listed within the file list of project '/Users/sergio/src/automattic/wp-calypso/client/tsconfig.json'. Projects must list all files or use an 'include' pattern.
client/blocks/editor-checkout-modal/index.tsx(81,7): error TS2741: Property 'isJetpackCheckout' is missing in type '{ redirectTo: string | undefined; isInEditor: true; isFocusedLaunch: boolean | undefined; siteId: number | undefined; siteSlug: string | undefined; productAliasFromUrl: string | undefined; onAfterPaymentComplete: () => void; }' but required in type '{ siteSlug: string | undefined; siteId: number | undefined; productAliasFromUrl?: string | undefined; overrideCountryList?: CountryListItem[] | undefined; redirectTo?: string | undefined; ... 14 more ...; isUserComingFromLoginForm?: boolean | undefined; }'.
client/blocks/eligibility-warnings/hold-list.tsx(232,12): error TS2322: Type 'string | null' is not assignable to type 'string'.
  Type 'null' is not assignable to type 'string'.
client/blocks/eligibility-warnings/index.tsx(126,39): error TS2322: Type 'string[] | (string[] & EligibilityWarning[])' is not assignable to type 'EligibilityWarning[]'.
  Type 'string[]' is not assignable to type 'EligibilityWarning[]'.
    Type 'string' is not assignable to type 'EligibilityWarning'.
client/blocks/eligibility-warnings/index.tsx(208,30): error TS2339: Property 'isEligible' does not exist on type 'ExternalProps'.
client/blocks/eligibility-warnings/index.tsx(209,68): error TS2339: Property 'lastUpdate' does not exist on type 'EligibilityData | { eligibilityHolds: string[]; eligibilityWarnings: string[]; lastUpdated: string; }'.
  Property 'lastUpdate' does not exist on type '{ eligibilityHolds: string[]; eligibilityWarnings: string[]; lastUpdated: string; }'.
client/blocks/eligibility-warnings/index.tsx(218,54): error TS2345: Argument of type 'number | null' is not assignable to parameter of type 'number'.
  Type 'null' is not assignable to type 'number'.
client/blocks/eligibility-warnings/index.tsx(286,4): error TS2345: Argument of type 'LocalizedComponent<{ ({ className, ctaName, context, feature, eligibilityData, isEligible, isPlaceholder, onProceed, recordUpgradeClick, siteId, siteSlug, siteIsLaunching, siteIsSavingSettings, launchSite: launch, makeSitePublic, translate, }: Props): Element; defaultProps: { onProceed: () => void; }; }>' is not assignable to parameter of type 'ComponentType<Matching<{ onProceed: () => void; context: string | null; feature: string; ctaName: string; trackProceed: (eventProperties?: {}) => { type: string; meta: { analytics: { type: string; payload: any; }[]; }; }; ... 11 more ...; className?: string | undefined; }, ClassAttributes<...> & WithoutLocalizedProp...'.
  Type 'ComponentClass<WithoutLocalizedProps<ExternalProps & { onProceed: () => void; context: string | null; feature: string; ctaName: string; trackProceed: (eventProperties?: {}) => { type: string; meta: { analytics: { ...; }[]; }; }; ... 11 more ...; className?: string | undefined; } & LocalizeProps>, any>' is not assignable to type 'ComponentClass<Matching<{ onProceed: () => void; context: string | null; feature: string; ctaName: string; trackProceed: (eventProperties?: {}) => { type: string; meta: { analytics: { type: string; payload: any; }[]; }; }; ... 11 more ...; className?: string | undefined; }, ClassAttributes<...> & WithoutLocalizedPro...'.
    Types of property 'getDerivedStateFromProps' are incompatible.
      Type 'GetDerivedStateFromProps<WithoutLocalizedProps<ExternalProps & { onProceed: () => void; context: string | null; feature: string; ctaName: string; trackProceed: (eventProperties?: {}) => { type: string; meta: { analytics: { ...; }[]; }; }; ... 11 more ...; className?: string | undefined; } & LocalizeProps>, any> | un...' is not assignable to type 'GetDerivedStateFromProps<Matching<{ onProceed: () => void; context: string | null; feature: string; ctaName: string; trackProceed: (eventProperties?: {}) => { type: string; meta: { analytics: { type: string; payload: any; }[]; }; }; ... 11 more ...; className?: string | undefined; }, ClassAttributes<...> & WithoutLo...'.
        Type 'GetDerivedStateFromProps<WithoutLocalizedProps<ExternalProps & { onProceed: () => void; context: string | null; feature: string; ctaName: string; trackProceed: (eventProperties?: {}) => { type: string; meta: { analytics: { ...; }[]; }; }; ... 11 more ...; className?: string | undefined; } & LocalizeProps>, any>' is not assignable to type 'GetDerivedStateFromProps<Matching<{ onProceed: () => void; context: string | null; feature: string; ctaName: string; trackProceed: (eventProperties?: {}) => { type: string; meta: { analytics: { type: string; payload: any; }[]; }; }; ... 11 more ...; className?: string | undefined; }, ClassAttributes<...> & WithoutLo...'.
          Types of parameters 'nextProps' and 'nextProps' are incompatible.
            Type 'Readonly<Matching<{ onProceed: () => void; context: string | null; feature: string; ctaName: string; trackProceed: (eventProperties?: {}) => { type: string; meta: { analytics: { type: string; payload: any; }[]; }; }; ... 11 more ...; className?: string | undefined; }, ClassAttributes<...> & WithoutLocalizedProps<......' is not assignable to type 'Readonly<WithoutLocalizedProps<ExternalProps & { onProceed: () => void; context: string | null; feature: string; ctaName: string; trackProceed: (eventProperties?: {}) => { type: string; meta: { analytics: { ...; }[]; }; }; ... 11 more ...; className?: string | undefined; } & LocalizeProps>>'.
              Types of property 'eligibilityData' are incompatible.
                Type 'EligibilityData | { eligibilityHolds: string[]; eligibilityWarnings: string[]; lastUpdated: string; }' is not assignable to type '({ eligibilityHolds: string[]; eligibilityWarnings: string[]; lastUpdated: string; } | undefined) & (EligibilityData | { eligibilityHolds: string[]; eligibilityWarnings: string[]; lastUpdated: string; })'.
client/blocks/eligibility-warnings/warning-list.tsx(49,12): error TS2739: Type '{ href: string; }' is missing the following properties from type '{ children: any; href: any; className: any; }': children, className
client/blocks/jetpack-benefits/feature-checks.ts(49,37): error TS2345: Argument of type 'string' is not assignable to parameter of type '"jetpack_search" | "jetpack_search_monthly" | "wpcom_search" | "wpcom_search_monthly"'.
client/blocks/jetpack-benefits/index.tsx(40,39): error TS2339: Property 'state' does not exist on type 'object'.
client/blocks/jetpack-benefits/scan-history.tsx(30,23): error TS2339: Property 'jetpackScan' does not exist on type 'DefaultRootState'.
client/blocks/jetpack-benefits/scan-history.tsx(34,35): error TS2339: Property 'state' does not exist on type 'object'.
client/blocks/jetpack-benefits/scan-history.tsx(43,32): error TS2769: No overload matches this call.
  Overload 1 of 2, '(props: Props | Readonly<Props>): ProgressBar', gave the following error.
    Type 'number | null' is not assignable to type 'number'.
      Type 'null' is not assignable to type 'number'.
  Overload 2 of 2, '(props: Props, context: any): ProgressBar', gave the following error.
    Type 'number | null' is not assignable to type 'number'.
      Type 'null' is not assignable to type 'number'.
client/blocks/jetpack-benefits/scan-history.tsx(85,10): error TS2339: Property 'threats' does not exist on type '{}'.
client/blocks/jetpack-benefits/scan-history.tsx(85,19): error TS2339: Property 'mostRecent' does not exist on type '{}'.
client/blocks/jetpack-benefits/site-visits.tsx(53,22): error TS2571: Object is of type 'unknown'.
client/blocks/jetpack-review-prompt/docs/example.tsx(22,78): error TS2345: Argument of type 'null' is not assignable to parameter of type 'string | number | object'.
client/components/activity-card-list/visible-days-limit-upsell/index.tsx(52,46): error TS2739: Type '{ actorName: string; actorRemoteId: number; actorWpcomId: number; actorRole: string; actorType: string; activityDate: string; activityTs: number; activityGroup: string; activityIcon: string; activityStatus: string; activityType: string; activityTitle: string; activityDescription: never[]; }' is missing the following properties from type 'Activity': activityId, activityMedia, activityName
client/components/activity-card-list/visible-days-limit-upsell/index.tsx(57,5): error TS2741: Property 'activityId' is missing in type '{ actorName: string; actorRemoteId: number; actorWpcomId: number; actorRole: string; actorType: string; activityDate: string; activityTs: number; activityGroup: string; activityIcon: string; activityStatus: string; activityType: string; activityTitle: string; activityDescription: never[]; }' but required in type '{ activityId: any; }'.
client/components/activity-card/media-preview/streams.tsx(1,38): error TS2307: Cannot find module '@automattic/viewport-react' or its corresponding type declarations.
client/components/activity-card/toolbar/actions-button.tsx(133,65): error TS2554: Expected 1 arguments, but got 2.
client/components/activity-card/toolbar/actions-button.tsx(138,52): error TS2345: Argument of type 'import("/Users/sergio/src/automattic/wp-calypso/client/components/activity-card/types").Activity' is not assignable to parameter of type 'Activity'.
  Property 'activityIsRewindable' is missing in type 'import("/Users/sergio/src/automattic/wp-calypso/client/components/activity-card/types").Activity' but required in type 'Activity'.
client/components/activity-card/toolbar/actions-button.tsx(142,34): error TS2322: Type 'string | null' is not assignable to type 'string'.
  Type 'null' is not assignable to type 'string'.
client/components/activity-card/toolbar/actions-button.tsx(142,56): error TS2322: Type 'string | null | undefined' is not assignable to type 'string'.
  Type 'undefined' is not assignable to type 'string'.
client/components/activity-card/toolbar/actions-button.tsx(148,4): error TS2322: Type 'string | null' is not assignable to type 'string'.
  Type 'null' is not assignable to type 'string'.
client/components/activity-card/toolbar/actions-button.tsx(149,4): error TS2322: Type 'string | null | undefined' is not assignable to type 'string'.
  Type 'undefined' is not assignable to type 'string'.
client/components/date-range/trigger.tsx(53,4): error TS2739: Type '{ children: (false | Element)[]; className: string; }' is missing the following properties from type '{ busy: any; children: any; className: any; primary: any; }': busy, primary
client/components/date-range/trigger.tsx(56,5): error TS2322: Type 'Record<string, unknown>' is not assignable to type 'Ref<HTMLButtonElement | HTMLAnchorElement> | undefined'.
  Property 'current' is missing in type 'Record<string, unknown>' but required in type 'RefObject<HTMLButtonElement | HTMLAnchorElement>'.
client/components/gallery-shortcode/index.tsx(61,5): error TS2322: Type '{ 'jquery-cycle': { src: string; }; 'jetpack-slideshow': { src: string; extra: string; }; }' is not assignable to type '{ 'tiled-gallery': { src: string; }; }'.
  Object literal may only specify known properties, and ''jquery-cycle'' does not exist in type '{ 'tiled-gallery': { src: string; }; }'.
client/components/gallery-shortcode/index.tsx(71,5): error TS2322: Type '{ 'jetpack-slideshow': { src: string; }; }' is not assignable to type '{ 'tiled-gallery': { src: string; }; 'gallery-styles': { src: string; }; }'.
  Object literal may only specify known properties, and ''jetpack-slideshow'' does not exist in type '{ 'tiled-gallery': { src: string; }; 'gallery-styles': { src: string; }; }'.
client/components/gallery-shortcode/index.tsx(84,75): error TS2339: Property 'attrs' does not exist on type 'object'.
client/components/gsuite/docs/example.tsx(4,10): error TS2786: 'GSuiteNewUserListExample' cannot be used as a JSX component.
  Its return type 'FunctionComponent<{}>' is not a valid JSX element.
    Type 'FunctionComponent<{}>' is missing the following properties from type 'ReactElement<any, any>': type, props, key
client/components/gsuite/docs/new-user-list.tsx(46,39): error TS2741: Property 'password' is missing in type '{ uuid: string; firstName: GSuiteNewUserField; lastName: GSuiteNewUserField; domain: GSuiteNewUserField; mailBox: GSuiteNewUserField; }' but required in type 'GSuiteNewUser'.
client/components/gsuite/docs/new-user-list.tsx(54,2): error TS2322: Type 'Element' is not assignable to type 'FunctionComponent<{}>'.
  Type 'ReactElement<any, any>' provides no match for the signature '(props: { children?: ReactNode; }, context?: any): ReactElement<any, any> | null'.
client/components/gsuite/docs/new-user-list.tsx(57,5): error TS2322: Type '{ name: string; }[]' is not assignable to type 'string[]'.
  Type '{ name: string; }' is not assignable to type 'string'.
client/components/gsuite/gsuite-new-user-list/index.tsx(75,61): error TS2339: Property 'name' does not exist on type 'string'.
client/components/gsuite/gsuite-new-user-list/new-user.tsx(124,5): error TS2741: Property 'className' is missing in type '{ children: Element[]; }' but required in type '{ [x: string]: any; className: any; children: any; }'.
client/components/gsuite/gsuite-new-user-list/new-user.tsx(134,61): error TS2554: Expected 2 arguments, but got 3.
client/components/gsuite/gsuite-new-user-list/new-user.tsx(167,5): error TS2741: Property 'className' is missing in type '{ children: (false | Element)[]; }' but required in type '{ [x: string]: any; className: any; children: any; }'.
client/components/jetpack/backup-card/no-backups-yet.tsx(53,8): error TS2322: Type 'string | null' is not assignable to type 'string'.
  Type 'null' is not assignable to type 'string'.
client/components/jetpack/backup-card/no-backups-yet.tsx(64,8): error TS2322: Type 'string | null' is not assignable to type 'string'.
  Type 'null' is not assignable to type 'string'.
client/components/jetpack/business-at-switch/index.tsx(20,4): error TS2741: Property 'hasScreenOptions' is missing in type '{ id: string; className: string; headerText: TranslateResult; align: string; }' but required in type 'Pick<Pick<{ brandFont: any; id: any; headerText: any; subHeaderText: any; className: any; compactOnMobile: any; align: any; isSecondary: any; hasScreenOptions: any; }, never> & Pick<InferProps<{ id: Requireable<string>; ... 6 more ...; align: Requireable<...>; }>, "id" | ... 6 more ... | "compactOnMobile"> & Pick<.....'.
client/components/jetpack/card/jetpack-product-card/index.tsx(121,71): error TS2322: Type 'string' is not assignable to type 'SupportedSlugs'.
client/components/jetpack/fix-all-threats-dialog/index.tsx(36,4): error TS2322: Type 'MouseEventHandler<Element>' is not assignable to type '(action?: string | undefined) => void'.
  Types of parameters 'event' and 'action' are incompatible.
    Type 'string | undefined' is not assignable to type 'MouseEvent<Element, MouseEvent>'.
      Type 'undefined' is not assignable to type 'MouseEvent<Element, MouseEvent>'.
client/components/jetpack/has-vaultpress-switch/index.tsx(38,71): error TS2345: Argument of type 'number | null' is not assignable to parameter of type 'number'.
  Type 'null' is not assignable to type 'number'.
client/components/jetpack/has-vaultpress-switch/index.tsx(41,42): error TS2345: Argument of type '(productState?: { state?: string | undefined; reason?: string | undefined; } | undefined) => boolean | "" | undefined' is not assignable to parameter of type '(value: object | null, index: number, array: (object | null)[]) => unknown'.
  Types of parameters 'productState' and 'value' are incompatible.
    Type 'object | null' is not assignable to type '{ state?: string | undefined; reason?: string | undefined; } | undefined'.
      Type 'null' is not assignable to type '{ state?: string | undefined; reason?: string | undefined; } | undefined'.
client/components/jetpack/has-vaultpress-switch/index.tsx(60,24): error TS2322: Type 'number | null' is not assignable to type 'number'.
  Type 'null' is not assignable to type 'number'.
client/components/jetpack/intro-pricing-banner/index.tsx(30,5): error TS2322: Type 'TranslateResult' is not assignable to type 'string | undefined'.
client/components/jetpack/is-jetpack-disconnected-switch/index.tsx(32,71): error TS2345: Argument of type 'number | null' is not assignable to parameter of type 'number'.
  Type 'null' is not assignable to type 'number'.
client/components/jetpack/is-jetpack-disconnected-switch/index.tsx(35,42): error TS2345: Argument of type '(productState?: { state?: string | undefined; reason?: string | undefined; } | undefined) => boolean | undefined' is not assignable to parameter of type '(value: object | null, index: number, array: (object | null)[]) => unknown'.
  Types of parameters 'productState' and 'value' are incompatible.
    Type 'object | null' is not assignable to type '{ state?: string | undefined; reason?: string | undefined; } | undefined'.
      Type 'null' is not assignable to type '{ state?: string | undefined; reason?: string | undefined; } | undefined'.
client/components/jetpack/is-jetpack-disconnected-switch/index.tsx(54,24): error TS2322: Type 'number | null' is not assignable to type 'number'.
  Type 'null' is not assignable to type 'number'.
client/components/jetpack/jetpack-disconnected-wpcom/index.tsx(17,10): error TS2339: Property 'name' does not exist on type 'SiteData | null'.
client/components/jetpack/jetpack-disconnected-wpcom/index.tsx(17,26): error TS2339: Property 'slug' does not exist on type 'SiteData | null'.
client/components/jetpack/jetpack-disconnected-wpcom/index.tsx(17,42): error TS2339: Property 'URL' does not exist on type 'SiteData | null'.
client/components/jetpack/jetpack-disconnected-wpcom/index.tsx(22,4): error TS2741: Property 'icon' is missing in type '{ children: Element[]; title: string; image: { path: string; }; isPrimary: true; }' but required in type 'Props'.
client/components/jetpack/jetpack-disconnected/index.tsx(22,10): error TS2339: Property 'name' does not exist on type 'SiteData | null'.
client/components/jetpack/jetpack-disconnected/index.tsx(22,26): error TS2339: Property 'slug' does not exist on type 'SiteData | null'.
client/components/jetpack/jetpack-disconnected/index.tsx(22,42): error TS2339: Property 'URL' does not exist on type 'SiteData | null'.
client/components/jetpack/log-item/docs/example.tsx(18,19): error TS2322: Type '{ children: string; tag: string; size: number; }' is not assignable to type 'IntrinsicAttributes & Pick<{ tagName?: string | undefined; size?: number | undefined; isBold?: boolean | undefined; className: any; children: any; }, "tagName" | "size" | "isBold"> & Pick<...> & Pick<...>'.
  Property 'tag' does not exist on type 'IntrinsicAttributes & Pick<{ tagName?: string | undefined; size?: number | undefined; isBold?: boolean | undefined; className: any; children: any; }, "tagName" | "size" | "isBold"> & Pick<...> & Pick<...>'.
client/components/jetpack/masterbar/index.tsx(1,31): error TS2307: Cannot find module '@automattic/viewport-react' or its corresponding type declarations.
client/components/jetpack/not-authorized-page/index.tsx(11,4): error TS2741: Property 'className' is missing in type '{ children: Element[]; }' but required in type '{ className: any; children: any; wideLayout?: boolean | undefined; fullWidthLayout?: boolean | undefined; }'.
client/components/jetpack/profile-dropdown/index.tsx(56,6): error TS2322: Type '{ className: string; user: UserData; alt: TranslateResult; size: number; }' is not assignable to type 'IntrinsicAttributes & Omit<Pick<InferProps<{ user: Requireable<object>; size: Requireable<number>; imgSize: Requireable<number>; tempImage: Requireable<...>; }>, "user" | "tempImage"> & Partial<...> & Partial<...>, "tempImage">'.
  Property 'className' does not exist on type 'IntrinsicAttributes & Omit<Pick<InferProps<{ user: Requireable<object>; size: Requireable<number>; imgSize: Requireable<number>; tempImage: Requireable<...>; }>, "user" | "tempImage"> & Partial<...> & Partial<...>, "tempImage">'.
client/components/jetpack/render-switch/index.tsx(1,10): error TS2724: '"react"' has no exported member named 'ReactComponent'. Did you mean 'PureComponent'?
client/components/jetpack/server-credentials-wizard-dialog/index.tsx(51,4): error TS2322: Type 'ReactNode' is not assignable to type 'Button[] | undefined'.
  Type 'null' is not assignable to type 'Button[] | undefined'.
client/components/jetpack/server-credentials-wizard-dialog/index.tsx(99,7): error TS2322: Type '{ className: string; onCancel: (action?: string | undefined) => void; role: string; siteId: number | null; labels: { cancel: TranslateResult; save: TranslateResult; }; }' is not assignable to type 'IntrinsicAttributes & Omit<Pick<InferProps<{ role: Validator<string>; siteId: Requireable<number>; siteUrl: Requireable<string>; requirePath: Requireable<...>; formIsSubmitting: Requireable<...>; formSubmissionStatus: Requireable<...>; }>, "siteId" | ... 3 more ... | "formIsSubmitting"> & Partial<...> & Partial<...>...'.
  Property 'className' does not exist on type 'IntrinsicAttributes & Omit<Pick<InferProps<{ role: Validator<string>; siteId: Requireable<number>; siteUrl: Requireable<string>; requirePath: Requireable<...>; formIsSubmitting: Requireable<...>; formSubmissionStatus: Requireable<...>; }>, "siteId" | ... 3 more ... | "formIsSubmitting"> & Partial<...> & Partial<...>...'.
client/components/jetpack/threat-dialog/index.tsx(67,52): error TS2741: Property 'isStyled' is missing in type '{ threat: Threat; }' but required in type 'Props'.
client/components/jetpack/threat-dialog/index.tsx(80,24): error TS2345: Argument of type 'false | ThreatFix' is not assignable to parameter of type 'ThreatFix'.
  Type 'boolean' is not assignable to type 'ThreatFix'.
client/components/jetpack/threat-history-list/index.tsx(1,37): error TS2307: Cannot find module '@automattic/viewport-react' or its corresponding type declarations.
client/components/jetpack/threat-history-list/index.tsx(41,31): error TS7006: Parameter 'translate' implicitly has an 'any' type.
client/components/jetpack/threat-history-list/index.tsx(41,42): error TS7006: Parameter 'filter' implicitly has an 'any' type.
client/components/jetpack/threat-history-list/list-items.tsx(1,37): error TS2307: Cannot find module '@automattic/viewport-react' or its corresponding type declarations.
client/components/jetpack/threat-history-list/list-items.tsx(22,23): error TS7031: Binding element 'items' implicitly has an 'any' type.
client/components/jetpack/threat-history-list/list-items.tsx(29,91): error TS2345: Argument of type 'number | null' is not assignable to parameter of type 'number'.
  Type 'null' is not assignable to type 'number'.
client/components/jetpack/threat-history-list/list-items.tsx(34,37): error TS2345: Argument of type 'number | null' is not assignable to parameter of type 'number'.
  Type 'null' is not assignable to type 'number'.
client/components/jetpack/threat-history-list/list-items.tsx(50,19): error TS7006: Parameter 'threat' implicitly has an 'any' type.
client/components/jetpack/threat-history-list/list-items.tsx(65,6): error TS2322: Type 'string | undefined' is not assignable to type 'string'.
  Type 'undefined' is not assignable to type 'string'.
client/components/jetpack/threat-history-list/list-items.tsx(76,41): error TS7031: Binding element 'count' implicitly has an 'any' type.
client/components/jetpack/threat-history-list/list-items.tsx(76,48): error TS7031: Binding element 'perPage' implicitly has an 'any' type.
client/components/jetpack/threat-item-subheader/index.tsx(16,13): error TS2304: Cannot find name 'bool'.
client/components/jetpack/threat-item-subheader/index.tsx(30,34): error TS7006: Parameter 'translate' implicitly has an 'any' type.
client/components/jetpack/threat-item-subheader/index.tsx(60,27): error TS7006: Parameter 'translate' implicitly has an 'any' type.
client/components/jetpack/threat-item-subheader/index.tsx(60,54): error TS7006: Parameter 'isFixable' implicitly has an 'any' type.
client/components/jetpack/threat-item/index.tsx(185,7): error TS2322: Type '{ children: TranslateResult; className: string; href: string; target: string; rel: string; tracksEventName: string; }' is not assignable to type 'IntrinsicAttributes & Omit<InferProps<{ className: Requireable<string>; href: Requireable<string>; icon: Requireable<boolean>; ... 7 more ...; recordTracksEvent: Validator<...>; }>, "recordTracksEvent">'.
  Property 'children' does not exist on type 'IntrinsicAttributes & Omit<InferProps<{ className: Requireable<string>; href: Requireable<string>; icon: Requireable<boolean>; ... 7 more ...; recordTracksEvent: Validator<...>; }>, "recordTracksEvent">'.
client/components/jetpack/upsell/index.tsx(42,6): error TS2322: Type 'TranslateResult' is not assignable to type 'string'.
  Type '{}' is not assignable to type 'string'.
client/components/jetpack/upsell/index.tsx(53,6): error TS2322: Type 'TranslateResult' is not assignable to type 'string'.
  Type '{}' is not assignable to type 'string'.
client/components/jetpack/wpcom-business-at/index.tsx(209,5): error TS2741: Property 'hasScreenOptions' is missing in type '{ id: string; className: string; headerText: TranslateResult; align: string; brandFont: true; }' but required in type 'Pick<Pick<{ brandFont: any; id: any; headerText: any; subHeaderText: any; className: any; compactOnMobile: any; align: any; isSecondary: any; hasScreenOptions: any; }, never> & Pick<InferProps<{ id: Requireable<string>; ... 6 more ...; align: Requireable<...>; }>, "id" | ... 6 more ... | "compactOnMobile"> & Pick<.....'.
client/components/jetpack/wpcom-business-at/index.tsx(218,5): error TS2741: Property 'icon' is missing in type '{ children: Element[]; title: TranslateResult; image: { path: string; }; isPrimary: true; }' but required in type 'Props'.
client/components/marketing-survey/cancel-jetpack-form/jetpack-benefits-step.tsx(127,49): error TS2345: Argument of type 'string' is not assignable to parameter of type '"jetpack_search" | "jetpack_search_monthly" | "wpcom_search" | "wpcom_search_monthly"'.
client/components/marketing-survey/cancel-jetpack-form/jetpack-benefits-step.tsx(138,5): error TS2741: Property 'hasScreenOptions' is missing in type '{ headerText: TranslateResult; subHeaderText: Element; align: string; isSecondary: true; }' but required in type 'Pick<Pick<{ brandFont: any; id: any; headerText: any; subHeaderText: any; className: any; compactOnMobile: any; align: any; isSecondary: any; hasScreenOptions: any; }, never> & Pick<InferProps<{ id: Requireable<string>; ... 6 more ...; align: Requireable<...>; }>, "id" | ... 6 more ... | "compactOnMobile"> & Pick<.....'.
client/components/marketing-survey/cancel-jetpack-form/jetpack-cancellation-survey.tsx(92,5): error TS2741: Property 'hasScreenOptions' is missing in type '{ headerText: TranslateResult; subHeaderText: TranslateResult; align: string; isSecondary: true; }' but required in type 'Pick<Pick<{ brandFont: any; id: any; headerText: any; subHeaderText: any; className: any; compactOnMobile: any; align: any; isSecondary: any; hasScreenOptions: any; }, never> & Pick<InferProps<{ id: Requireable<string>; ... 6 more ...; align: Requireable<...>; }>, "id" | ... 6 more ... | "compactOnMobile"> & Pick<.....'.
client/components/product-expiration/docs/example.tsx(23,7): error TS2741: Property 'renewDateMoment' is missing in type '{ expiryDateMoment: Moment; }' but required in type 'Readonly<WithoutLocalizedProps<Props>>'.
client/components/product-expiration/docs/example.tsx(30,7): error TS2741: Property 'expiryDateMoment' is missing in type '{ renewDateMoment: Moment; }' but required in type 'Readonly<WithoutLocalizedProps<Props>>'.
client/components/promo-section/docs/example.tsx(9,3): error TS2741: Property 'icon' is missing in type '{ title: string; image: { path: string; }; body: string; }' but required in type 'PromoSectionCardProps'.
client/components/promo-section/docs/example.tsx(24,5): error TS2322: Type '{ title: string; body: string; image: { path: string; }; cta: { text: string; url: string; }; }' is not assignable to type 'PromoSectionCardProps'.
  Object literal may only specify known properties, and 'cta' does not exist in type 'PromoSectionCardProps'.
client/components/promo-section/docs/example.tsx(36,5): error TS2322: Type '{ title: string; body: string; image: { path: string; }; cta: { text: string; url: string; }; }' is not assignable to type 'PromoSectionCardProps'.
  Object literal may only specify known properties, and 'cta' does not exist in type 'PromoSectionCardProps'.
client/components/promo-section/index.tsx(39,19): error TS2339: Property 'component' does not exist on type 'Cta'.
  Property 'component' does not exist on type '{ feature: string; upgradeButton: CtaButton; defaultButton: CtaButton; activatedButton?: CtaButton | undefined; }'.
client/components/promo-section/index.tsx(39,58): error TS2322: Type 'CtaAction | null' is not assignable to type 'CtaAction | undefined'.
  Type 'null' is not assignable to type 'CtaAction | undefined'.
client/components/promo-section/promo-card/cta.tsx(64,15): error TS2339: Property 'target' does not exist on type '{ href: string; onClick: ClickCallback; selfTarget: boolean | undefined; }'.
client/components/promo-section/promo-card/cta.tsx(111,4): error TS2741: Property 'className' is missing in type '{ children: (Element | null)[]; }' but required in type '{ children: any; className: any; }'.
client/components/promo-section/promo-card/index.tsx(50,64): error TS2339: Property 'align' does not exist on type 'ReactElement<any, string | JSXElementConstructor<any>> | Image'.
  Property 'align' does not exist on type 'ReactElement<any, string | JSXElementConstructor<any>>'.
client/components/promo-section/promo-card/index.tsx(51,51): error TS2322: Type 'TranslateResult | undefined' is not assignable to type 'string | undefined'.
  Type '{}' is not assignable to type 'string'.
client/components/promo-section/promo-card/index.tsx(56,30): error TS2322: Type 'string' is not assignable to type 'number | undefined'.
client/components/promo-section/promo-card/index.tsx(66,47): error TS2339: Property 'type' does not exist on type 'string | number | true | {} | ReactElement<any, string | JSXElementConstructor<any>> | ReactPortal'.
  Property 'type' does not exist on type 'string'.
client/components/promo-section/promo-card/index.tsx(67,25): error TS2769: No overload matches this call.
  The last overload gave the following error.
    Argument of type 'string | number | true | {} | ReactElement<any, string | JSXElementConstructor<any>> | ReactPortal' is not assignable to parameter of type 'ReactElement<any, string | JSXElementConstructor<any>>'.
client/components/signup-site-preview/screenshot.tsx(2,20): error TS2307: Cannot find module 'photon' or its corresponding type declarations.
client/components/signup-site-preview/screenshot.tsx(59,5): error TS2322: Type 'TranslateResult' is not assignable to type 'string | undefined'.
client/components/site-offset/context.tsx(37,23): error TS2322: Type 'number | null' is not assignable to type 'number'.
  Type 'null' is not assignable to type 'number'.
client/components/site-offset/index.tsx(10,37): error TS2322: Type '{ applySiteOffset: contextType; children?: ReactNode; }' is not assignable to type 'IntrinsicAttributes & { children?: ReactNode; }'.
  Property 'applySiteOffset' does not exist on type 'IntrinsicAttributes & { children?: ReactNode; }'.
client/components/step-progress/docs/example.tsx(31,19): error TS2322: Type '{ 'margin-top': string; }' is not assignable to type 'Properties<string | number, string & {}>'.
  Object literal may only specify known properties, and ''margin-top'' does not exist in type 'Properties<string | number, string & {}>'.
client/components/step-progress/docs/example.tsx(35,16): error TS2322: Type '{ 'margin-right': string; }' is not assignable to type 'Properties<string | number, string & {}>'.
  Object literal may only specify known properties, and ''margin-right'' does not exist in type 'Properties<string | number, string & {}>'.
client/components/thank-you/index.tsx(210,6): error TS2322: Type '{ alt: TranslateResult; src: string; }' is not assignable to type 'DetailedHTMLProps<ImgHTMLAttributes<HTMLImageElement>, HTMLImageElement>'.
  Type '{ alt: TranslateResult; src: string; }' is not assignable to type 'ImgHTMLAttributes<HTMLImageElement>'.
    Types of property 'alt' are incompatible.
      Type 'TranslateResult' is not assignable to type 'string | undefined'.
client/components/webpack-build-monitor/webpack-client.ts(69,16): error TS2339: Property 'hot' does not exist on type 'NodeModule'.
client/components/webpack-build-monitor/webpack-client.ts(75,14): error TS2339: Property 'hot' does not exist on type 'NodeModule'.
client/components/webpack-build-monitor/webpack-client.ts(81,9): error TS2339: Property 'hot' does not exist on type 'NodeModule'.
client/components/webpack-build-monitor/webpack-client.ts(83,12): error TS7006: Parameter 'updatedModules' implicitly has an 'any' type.
client/components/webpack-build-monitor/webpack-client.ts(90,13): error TS7006: Parameter 'error' implicitly has an 'any' type.
client/devdocs/design/wordpress-components-gallery/angle-picker-control.tsx(6,29): error TS2322: Type 'undefined' is not assignable to type 'number'.
client/devdocs/design/wordpress-components-gallery/angle-picker-control.tsx(6,45): error TS2322: Type 'Dispatch<SetStateAction<undefined>>' is not assignable to type '(value: number) => void'.
  Types of parameters 'value' and 'value' are incompatible.
    Type 'number' is not assignable to type 'SetStateAction<undefined>'.
client/devdocs/design/wordpress-components-gallery/animate.tsx(4,11): error TS2769: No overload matches this call.
  Overload 1 of 2, '(props: Props, context?: any): ReactElement<any, any> | Component<Props, any, any> | null', gave the following error.
    Type '"loading"' is not assignable to type '"appear" | "slide-in"'.
  Overload 2 of 2, '(props: PropsWithChildren<Props>, context?: any): ReactElement<any, any> | Component<Props, any, any> | null', gave the following error.
    Type '"loading"' is not assignable to type '"appear" | "slide-in"'.
client/devdocs/design/wordpress-components-gallery/base-control.tsx(8,4): error TS2769: No overload matches this call.
  Overload 1 of 2, '(props: Props, context?: any): ReactElement<any, any> | Component<Props, any, any> | null', gave the following error.
    Property 'value' is missing in type '{ onChange: () => void; }' but required in type 'Props'.
  Overload 2 of 2, '(props: PropsWithChildren<Props>, context?: any): ReactElement<any, any> | Component<Props, any, any> | null', gave the following error.
    Property 'value' is missing in type '{ onChange: () => void; }' but required in type 'Props'.
client/devdocs/design/wordpress-components-gallery/color-palette.tsx(16,4): error TS2322: Type 'Color' is not assignable to type 'string'.
client/devdocs/design/wordpress-components-gallery/color-palette.tsx(17,57): error TS2345: Argument of type 'string' is not assignable to parameter of type 'SetStateAction<Color>'.
client/devdocs/design/wordpress-components-gallery/dropdown-menu.tsx(9,17): error TS2769: No overload matches this call.
  Overload 1 of 2, '(props: Props, context?: any): ReactElement<any, any> | Component<Props, any, any> | null', gave the following error.
    Type 'Element' is not assignable to type 'Icon | undefined'.
      Type 'ReactElement<any, any>' is not assignable to type '"yes-alt"'.
  Overload 2 of 2, '(props: PropsWithChildren<Props>, context?: any): ReactElement<any, any> | Component<Props, any, any> | null', gave the following error.
    Type 'Element' is not assignable to type 'Icon | undefined'.
client/devdocs/design/wordpress-components-gallery/form-token-field.tsx(15,10): error TS7031: Binding element 'tokens' implicitly has an 'any' type.
client/devdocs/design/wordpress-components-gallery/form-token-field.tsx(15,18): error TS7031: Binding element 'suggestions' implicitly has an 'any' type.
client/devdocs/design/wordpress-components-gallery/form-token-field.tsx(15,31): error TS7031: Binding element 'setState' implicitly has an 'any' type.
client/devdocs/design/wordpress-components-gallery/form-token-field.tsx(20,3): error TS2322: Type '{ value: any; suggestions: any; onChange: (nextTokens: readonly Value[]) => any; label: string; }' is not assignable to type 'IntrinsicAttributes & Props & { children?: ReactNode; }'.
  Property 'label' does not exist on type 'IntrinsicAttributes & Props & { children?: ReactNode; }'.
client/devdocs/design/wordpress-components-gallery/guide.tsx(1,18): error TS2305: Module '"@wordpress/components"' has no exported member 'Guide'.
client/devdocs/design/wordpress-components-gallery/placeholder.tsx(14,3): error TS2769: No overload matches this call.
  Overload 1 of 2, '(props: Props, context?: any): ReactElement<any, any> | Component<Props, any, any> | null', gave the following error.
    Type 'string' is not assignable to type 'Element | undefined'.
  Overload 2 of 2, '(props: PropsWithChildren<Props>, context?: any): ReactElement<any, any> | Component<Props, any, any> | null', gave the following error.
    Type 'string' is not assignable to type 'Element | undefined'.
client/devdocs/design/wordpress-components-gallery/query-controls.tsx(26,10): error TS7031: Binding element 'orderBy' implicitly has an 'any' type.
client/devdocs/design/wordpress-components-gallery/query-controls.tsx(26,19): error TS7031: Binding element 'order' implicitly has an 'any' type.
client/devdocs/design/wordpress-components-gallery/query-controls.tsx(26,26): error TS7031: Binding element 'category' implicitly has an 'any' type.
client/devdocs/design/wordpress-components-gallery/query-controls.tsx(26,36): error TS7031: Binding element 'categories' implicitly has an 'any' type.
client/devdocs/design/wordpress-components-gallery/query-controls.tsx(26,48): error TS7031: Binding element 'numberOfItems' implicitly has an 'any' type.
client/devdocs/design/wordpress-components-gallery/query-controls.tsx(26,63): error TS7031: Binding element 'setState' implicitly has an 'any' type.
client/devdocs/design/wordpress-components-gallery/resizable-box.tsx(14,5): error TS2769: No overload matches this call.
  Overload 1 of 2, '(props: ResizableProps, context?: any): ReactElement<any, any> | Component<ResizableProps, any, any> | null', gave the following error.
    Type '{ children: Element; showHandle: true; minHeight: number; minWidth: number; enable: { top: false; right: true; bottom: true; left: false; topRight: false; bottomRight: true; bottomLeft: false; topLeft: false; }; size: { ...; }; onResizeStop: (event: MouseEvent | TouchEvent, direction: Direction, elt: HTMLElement, de...' is not assignable to type 'IntrinsicAttributes & ResizableProps'.
      Property 'showHandle' does not exist on type 'IntrinsicAttributes & ResizableProps'.
  Overload 2 of 2, '(props: PropsWithChildren<ResizableProps>, context?: any): ReactElement<any, any> | Component<ResizableProps, any, any> | null', gave the following error.
    Type '{ children: Element; showHandle: true; minHeight: number; minWidth: number; enable: { top: false; right: true; bottom: true; left: false; topRight: false; bottomRight: true; bottomLeft: false; topLeft: false; }; size: { ...; }; onResizeStop: (event: MouseEvent | TouchEvent, direction: Direction, elt: HTMLElement, de...' is not assignable to type 'IntrinsicAttributes & ResizableProps & { children?: ReactNode; }'.
      Property 'showHandle' does not exist on type 'IntrinsicAttributes & ResizableProps & { children?: ReactNode; }'.
client/devdocs/design/wordpress-components-gallery/slot-fill.tsx(7,33): error TS2769: No overload matches this call.
  Overload 1 of 2, '(props: Props, context?: any): ReactElement<any, any> | Component<Props, any, any> | null', gave the following error.
    Type '{ bubblesVirtually: true; as: string; name: string; }' is not assignable to type 'IntrinsicAttributes & Props'.
      Property 'as' does not exist on type 'IntrinsicAttributes & Props'.
  Overload 2 of 2, '(props: PropsWithChildren<Props>, context?: any): ReactElement<any, any> | Component<Props, any, any> | null', gave the following error.
    Type '{ bubblesVirtually: true; as: string; name: string; }' is not assignable to type 'IntrinsicAttributes & Props & { children?: ReactNode; }'.
      Property 'as' does not exist on type 'IntrinsicAttributes & Props & { children?: ReactNode; }'.
client/devdocs/design/wordpress-components-gallery/slot-fill.tsx(10,32): error TS2769: No overload matches this call.
  Overload 1 of 2, '(props: Props, context?: any): ReactElement<any, any> | Component<Props, any, any> | null', gave the following error.
    Type '{ bubblesVirtually: true; as: string; name: string; }' is not assignable to type 'IntrinsicAttributes & Props'.
      Property 'as' does not exist on type 'IntrinsicAttributes & Props'.
  Overload 2 of 2, '(props: PropsWithChildren<Props>, context?: any): ReactElement<any, any> | Component<Props, any, any> | null', gave the following error.
    Type '{ bubblesVirtually: true; as: string; name: string; }' is not assignable to type 'IntrinsicAttributes & Props & { children?: ReactNode; }'.
      Property 'as' does not exist on type 'IntrinsicAttributes & Props & { children?: ReactNode; }'.
client/devdocs/design/wordpress-components-gallery/tip.tsx(1,10): error TS2305: Module '"@wordpress/components"' has no exported member 'Tip'.
client/devdocs/design/wordpress-components-gallery/toolbar.tsx(1,34): error TS2305: Module '"@wordpress/components"' has no exported member 'ToolbarGroup'.
client/devdocs/design/wordpress-components-gallery/toolbar.tsx(27,19): error TS2769: No overload matches this call.
  Overload 1 of 2, '(props: Props, context?: any): ReactElement<any, any> | Component<Props, any, any> | null', gave the following error.
    Type 'Element' is not assignable to type 'Icon'.
      Type 'ReactElement<any, any>' is not assignable to type '"yes-alt"'.
  Overload 2 of 2, '(props: PropsWithChildren<Props>, context?: any): ReactElement<any, any> | Component<Props, any, any> | null', gave the following error.
    Type 'Element' is not assignable to type 'Icon'.
client/devdocs/design/wordpress-components-gallery/toolbar.tsx(30,5): error TS2769: No overload matches this call.
  Overload 1 of 2, '(props: Props, context?: any): ReactElement<any, any> | Component<Props, any, any> | null', gave the following error.
    Type '{ children: string; }' is missing the following properties from type 'Props': icon, title, onClick
  Overload 2 of 2, '(props: PropsWithChildren<Props>, context?: any): ReactElement<any, any> | Component<Props, any, any> | null', gave the following error.
    Type '{ children: string; }' is missing the following properties from type 'Props': icon, title, onClick
client/devdocs/design/wordpress-components-gallery/toolbar.tsx(31,19): error TS2769: No overload matches this call.
  Overload 1 of 2, '(props: Props, context?: any): ReactElement<any, any> | Component<Props, any, any> | null', gave the following error.
    Type 'Element' is not assignable to type 'Icon'.
  Overload 2 of 2, '(props: PropsWithChildren<Props>, context?: any): ReactElement<any, any> | Component<Props, any, any> | null', gave the following error.
    Type 'Element' is not assignable to type 'Icon'.
client/devdocs/design/wordpress-components-gallery/toolbar.tsx(32,19): error TS2769: No overload matches this call.
  Overload 1 of 2, '(props: Props, context?: any): ReactElement<any, any> | Component<Props, any, any> | null', gave the following error.
    Type 'Element' is not assignable to type 'Icon'.
  Overload 2 of 2, '(props: PropsWithChildren<Props>, context?: any): ReactElement<any, any> | Component<Props, any, any> | null', gave the following error.
    Type 'Element' is not assignable to type 'Icon'.
client/devdocs/design/wordpress-components-gallery/toolbar.tsx(33,19): error TS2769: No overload matches this call.
  Overload 1 of 2, '(props: Props, context?: any): ReactElement<any, any> | Component<Props, any, any> | null', gave the following error.
    Type 'Element' is not assignable to type 'Icon'.
  Overload 2 of 2, '(props: PropsWithChildren<Props>, context?: any): ReactElement<any, any> | Component<Props, any, any> | null', gave the following error.
    Type 'Element' is not assignable to type 'Icon'.
client/devdocs/design/wordpress-components-gallery/visually-hidden.tsx(1,10): error TS2305: Module '"@wordpress/components"' has no exported member 'VisuallyHidden'.
client/gutenberg/editor/calypsoify-iframe.tsx(19,2): error TS2724: '"calypso/lib/performance-tracking"' has no exported member named 'PerformanceTrackProps'. Did you mean 'PerformanceTrackerStop'?
client/gutenberg/editor/calypsoify-iframe.tsx(447,23): error TS2531: Object is possibly 'null'.
client/gutenberg/editor/calypsoify-iframe.tsx(450,16): error TS2339: Property 'hidden' does not exist on type 'Element'.
client/gutenberg/editor/calypsoify-iframe.tsx(503,4): error TS2531: Object is possibly 'null'.
client/gutenberg/editor/calypsoify-iframe.tsx(620,11): error TS2790: The operand of a 'delete' operator must be optional.
client/gutenberg/editor/calypsoify-iframe.tsx(821,3): error TS2339: Property 'creatingNewHomepage' does not exist on type 'Props'.
client/gutenberg/editor/calypsoify-iframe.tsx(859,47): error TS2345: Argument of type 'number | null' is not assignable to parameter of type 'number'.
  Type 'null' is not assignable to type 'number'.
client/gutenberg/editor/calypsoify-iframe.tsx(868,45): error TS2345: Argument of type 'string | null' is not assignable to parameter of type 'string'.
  Type 'null' is not assignable to type 'string'.
client/gutenberg/editor/calypsoify-iframe.tsx(871,54): error TS2345: Argument of type 'number | null' is not assignable to parameter of type 'string | number'.
client/gutenberg/editor/calypsoify-iframe.tsx(873,10): error TS2339: Property 'url' does not exist on type '{}'.
client/gutenberg/editor/calypsoify-iframe.tsx(873,25): error TS2339: Property 'label' does not exist on type '{}'.
client/gutenberg/editor/calypsoify-iframe.tsx(875,3): error TS2345: Argument of type 'number | null' is not assignable to parameter of type 'object'.
  Type 'null' is not assignable to type 'object'.
client/gutenberg/editor/calypsoify-iframe.tsx(887,46): error TS2345: Argument of type 'number | null' is not assignable to parameter of type 'number'.
  Type 'null' is not assignable to type 'number'.
client/gutenberg/editor/calypsoify-iframe.tsx(893,31): error TS2345: Argument of type 'number | null' is not assignable to parameter of type 'number'.
  Type 'null' is not assignable to type 'number'.
client/gutenberg/editor/calypsoify-iframe.tsx(894,18): error TS2554: Expected 5 arguments, but got 2.
client/gutenberg/editor/calypsoify-iframe.tsx(896,27): error TS7006: Parameter 'templateId' implicitly has an 'any' type.
client/gutenberg/editor/calypsoify-iframe.tsx(900,46): error TS2345: Argument of type 'number | null' is not assignable to parameter of type 'object'.
  Type 'null' is not assignable to type 'object'.
client/gutenberg/editor/calypsoify-iframe.tsx(901,25): error TS2345: Argument of type 'number | null' is not assignable to parameter of type 'string | number'.
client/jetpack-cloud/controller.ts(48,35): error TS2554: Expected 1 arguments, but got 2.
client/jetpack-cloud/controller.ts(81,52): error TS2554: Expected 1 arguments, but got 2.
client/jetpack-cloud/controller.ts(157,16): error TS2554: Expected 0 arguments, but got 1.
client/jetpack-cloud/sections/auth/controller.tsx(33,21): error TS2339: Property 'error' does not exist on type 'string'.
client/jetpack-cloud/sections/auth/controller.tsx(38,21): error TS2339: Property 'access_token' does not exist on type 'string'.
client/jetpack-cloud/sections/auth/controller.tsx(40,42): error TS2339: Property 'access_token' does not exist on type 'string'.
client/jetpack-cloud/sections/auth/controller.tsx(43,21): error TS2339: Property 'expires_in' does not exist on type 'string'.
client/jetpack-cloud/sections/auth/controller.tsx(45,53): error TS2339: Property 'expires_in' does not exist on type 'string'.
client/jetpack-cloud/sections/partner-portal/header/index.tsx(20,6): error TS2741: Property 'hasScreenOptions' is missing in type '{ className: string; headerText: string; align: string; }' but required in type 'Pick<Pick<{ brandFont: any; id: any; headerText: any; subHeaderText: any; className: any; compactOnMobile: any; align: any; isSecondary: any; hasScreenOptions: any; }, never> & Pick<InferProps<{ id: Requireable<string>; ... 6 more ...; align: Requireable<...>; }>, "id" | ... 6 more ... | "compactOnMobile"> & Pick<.....'.
client/jetpack-cloud/sections/partner-portal/payment-methods/hooks/use-create-stored-credit-card.ts(31,7): error TS2322: Type 'string | undefined' is not assignable to type 'undefined'.
  Type 'string' is not assignable to type 'undefined'.
client/jetpack-cloud/sections/partner-portal/select-partner-key-dropdown/index.tsx(39,78): error TS2345: Argument of type '{ label: string; value: string; isLabel: boolean; }' is not assignable to parameter of type '{ value: string; label: string; }'.
  Object literal may only specify known properties, but 'isLabel' does not exist in type '{ value: string; label: string; }'. Did you mean to write 'label'?
client/jetpack-cloud/sections/partner-portal/sidebar-navigation/index.tsx(10,10): error TS2741: Property 'children' is missing in type '{ sectionTitle: string | null; }' but required in type 'Omit<Pick<{ sectionTitle: any; children: any; toggleSidebar: any; isNavUnificationEnabled: any; }, never> & Pick<InferProps<{ sectionTitle: (props?: any, propName?: any, componentName?: any, location?: any) => any; toggleSidebar: Validator<...>; }>, "sectionTitle" | "toggleSidebar"> & Pick<...>, "isNavUnificationEna...'.
client/jetpack-cloud/sections/partner-portal/sidebar/index.tsx(32,5): error TS2741: Property 'onClick' is missing in type '{ children: Element; className: string; }' but required in type '{ [x: string]: any; children: any; onClick: any; className: any; }'.
client/jetpack-cloud/sections/partner-portal/sidebar/index.tsx(33,6): error TS2741: Property 'className' is missing in type '{ children: Element; }' but required in type '{ children: any; className: any; }'.
client/jetpack-cloud/sections/partner-portal/sidebar/index.tsx(34,7): error TS2559: Type '{ children: (false | Element)[]; }' has no properties in common with type 'IntrinsicAttributes & RefAttributes<any>'.
client/jetpack-cloud/sections/partner-portal/stored-credit-card/index.tsx(6,43): error TS7006: Parameter 'props' implicitly has an 'any' type.
client/jetpack-cloud/sections/pricing/header/index.tsx(17,6): error TS2741: Property 'hasScreenOptions' is missing in type '{ className: string; headerText: string; align: string; }' but required in type 'Pick<Pick<{ brandFont: any; id: any; headerText: any; subHeaderText: any; className: any; compactOnMobile: any; align: any; isSecondary: any; hasScreenOptions: any; }, never> & Pick<InferProps<{ id: Requireable<string>; ... 6 more ...; align: Requireable<...>; }>, "id" | ... 6 more ... | "compactOnMobile"> & Pick<.....'.
client/jetpack-cloud/sections/pricing/jpcom-footer/index.tsx(15,3): error TS2322: Type '{ children: Element[]; xmlns: string; version: string; x: string; y: string; viewBox: string; space: string; }' is not assignable to type 'SVGProps<SVGSVGElement>'.
  Property 'space' does not exist on type 'SVGProps<SVGSVGElement>'.
client/jetpack-cloud/sections/pricing/jpcom-footer/index.tsx(45,19): error TS2322: Type '{ classNameName: string; full: true; size: number; }' is not assignable to type 'IntrinsicAttributes & Pick<{ full?: boolean | undefined; monochrome?: boolean | undefined; size?: number | undefined; className: any; aria: any; }, "size" | "monochrome" | "full"> & Pick<...> & Pick<...>'.
  Property 'classNameName' does not exist on type 'IntrinsicAttributes & Pick<{ full?: boolean | undefined; monochrome?: boolean | undefined; size?: number | undefined; className: any; aria: any; }, "size" | "monochrome" | "full"> & Pick<...> & Pick<...>'.
client/jetpack-cloud/sections/pricing/sale-banner/index.tsx(55,6): error TS2322: Type '{ children: Element[]; className: string; role: "banner"; "aria-label": TranslateResult; }' is not assignable to type 'DetailedHTMLProps<HTMLAttributes<HTMLDivElement>, HTMLDivElement>'.
  Type '{ children: Element[]; className: string; role: "banner"; "aria-label": TranslateResult; }' is not assignable to type 'HTMLAttributes<HTMLDivElement>'.
    Types of property ''aria-label'' are incompatible.
      Type 'TranslateResult' is not assignable to type 'string | undefined'.
client/jetpack-cloud/sections/settings/advanced-credentials/credentials-form/index.tsx(53,28): error TS2345: Argument of type 'number | ""' is not assignable to parameter of type 'string'.
  Type 'number' is not assignable to type 'string'.
client/jetpack-cloud/sections/settings/advanced-credentials/credentials-form/index.tsx(182,6): error TS2739: Type '{ name: string; id: string; value: string; onChange: FormEventHandler<HTMLInputElement>; disabled: boolean; className: string; isError: boolean | undefined; }' is missing the following properties from type '{ [x: string]: any; className: any; isError: any; isValid: any; children: any; forwardedRef: any; }': isValid, children, forwardedRef
client/jetpack-cloud/sections/settings/advanced-credentials/host-selection/index.tsx(2,37): error TS2307: Cannot find module '@automattic/viewport-react' or its corresponding type declarations.
client/jetpack-cloud/sections/settings/advanced-credentials/host-selection/index.tsx(111,32): error TS2345: Argument of type 'string | null' is not assignable to parameter of type 'string | undefined'.
client/jetpack-cloud/sections/settings/advanced-credentials/host-selection/index.tsx(134,31): error TS2345: Argument of type 'string | null' is not assignable to parameter of type 'string | undefined'.
client/jetpack-cloud/sections/settings/credentials/form.tsx(11,5): error TS2741: Property 'role' is missing in type '{}' but required in type 'Omit<Pick<InferProps<{ role: Validator<string>; siteId: Requireable<number>; siteUrl: Requireable<string>; requirePath: Requireable<boolean>; formIsSubmitting: Requireable<...>; formSubmissionStatus: Requireable<...>; }>, "siteId" | ... 3 more ... | "formIsSubmitting"> & Partial<...> & Partial<...>, "formSubmissionS...'.
client/jetpack-connect/store-header.tsx(38,6): error TS2741: Property 'hasScreenOptions' is missing in type '{ headerText: TranslateResult; subHeaderText: TranslateResult; brandFont: true; }' but required in type 'Pick<Pick<{ brandFont: any; id: any; headerText: any; subHeaderText: any; className: any; compactOnMobile: any; align: any; isSecondary: any; hasScreenOptions: any; }, never> & Pick<InferProps<{ id: Requireable<string>; ... 6 more ...; align: Requireable<...>; }>, "id" | ... 6 more ... | "compactOnMobile"> & Pick<.....'.
client/layout/guided-tours/config-elements/step.tsx(22,19): error TS7006: Parameter 'obj' implicitly has an 'any' type.
client/layout/guided-tours/config-elements/step.tsx(74,2): error TS2322: Type 'null' is not assignable to type 'string'.
client/layout/guided-tours/config-elements/step.tsx(105,34): error TS2345: Argument of type 'string | undefined' is not assignable to parameter of type 'string'.
  Type 'undefined' is not assignable to type 'string'.
client/layout/guided-tours/config-elements/step.tsx(108,23): error TS2345: Argument of type '{ initialized: true; }' is not assignable to parameter of type 'State'.
  Type '{ initialized: true; }' is missing the following properties from type 'State': hasScrolled, seenTarget
client/layout/guided-tours/config-elements/step.tsx(120,54): error TS7006: Parameter 'nextContext' implicitly has an 'any' type.
client/layout/guided-tours/config-elements/step.tsx(132,34): error TS2345: Argument of type 'string | undefined' is not assignable to parameter of type 'string'.
  Type 'undefined' is not assignable to type 'string'.
client/layout/guided-tours/config-elements/step.tsx(141,22): error TS2345: Argument of type '{ initialized: false; }' is not assignable to parameter of type 'State'.
  Type '{ initialized: false; }' is missing the following properties from type 'State': hasScrolled, seenTarget
client/layout/guided-tours/config-elements/step.tsx(158,28): error TS7006: Parameter 'context' implicitly has an 'any' type.
client/layout/guided-tours/config-elements/step.tsx(160,34): error TS2554: Expected 2 arguments, but got 0.
client/layout/guided-tours/config-elements/step.tsx(182,24): error TS2322: Type 'true | Element | null' is not assignable to type 'boolean'.
  Type 'null' is not assignable to type 'boolean'.
client/layout/guided-tours/config-elements/step.tsx(210,25): error TS2345: Argument of type '{ seenTarget: true; }' is not assignable to parameter of type 'State'.
  Type '{ seenTarget: true; }' is missing the following properties from type 'State': initialized, hasScrolled
client/layout/guided-tours/config-elements/step.tsx(236,18): error TS7006: Parameter 'nextContext' implicitly has an 'any' type.
client/layout/guided-tours/config-elements/step.tsx(258,40): error TS7006: Parameter 'nextContext' implicitly has an 'any' type.
client/layout/guided-tours/config-elements/step.tsx(309,22): error TS7006: Parameter 'path' implicitly has an 'any' type.
client/layout/guided-tours/config-elements/step.tsx(313,28): error TS7006: Parameter 'context' implicitly has an 'any' type.
client/layout/guided-tours/config-elements/step.tsx(323,38): error TS7006: Parameter 'context' implicitly has an 'any' type.
client/layout/guided-tours/config-elements/step.tsx(331,27): error TS7031: Binding element 'step' implicitly has an 'any' type.
client/layout/guided-tours/config-elements/step.tsx(331,33): error TS7031: Binding element 'shouldPause' implicitly has an 'any' type.
client/layout/guided-tours/config-elements/step.tsx(357,23): error TS2345: Argument of type '{ hasScrolled: false; }' is not assignable to parameter of type 'State'.
  Type '{ hasScrolled: false; }' is missing the following properties from type 'State': initialized, seenTarget
client/layout/guided-tours/config-elements/step.tsx(369,22): error TS2345: Argument of type '(state: any) => { stepPos: Coordinate; hasScrolled: boolean; }' is not assignable to parameter of type 'State'.
  Type '(state: any) => { stepPos: Coordinate; hasScrolled: boolean; }' is missing the following properties from type 'State': initialized, hasScrolled, seenTarget
client/layout/guided-tours/config-elements/step.tsx(369,24): error TS7006: Parameter 'state' implicitly has an 'any' type.
client/layout/guided-tours/config-elements/step.tsx(415,7): error TS2322: Type 'Coordinate | undefined' is not assignable to type 'Coordinate'.
  Type 'undefined' is not assignable to type 'Coordinate'.
client/layout/guided-tours/config-elements/step.tsx(419,53): error TS2345: Argument of type 'Coordinate | undefined' is not assignable to parameter of type 'Coordinate'.
  Type 'undefined' is not assignable to type 'Coordinate'.
client/layout/guided-tours/positioning.ts(1,26): error TS2307: Cannot find module '@automattic/viewport' or its corresponding type declarations.
client/layout/guided-tours/positioning.ts(203,14): error TS2367: This condition will always return 'false' since the types 'Window & typeof globalThis' and 'Element | null' have no overlap.
client/layout/guided-tours/positioning.ts(227,17): error TS2740: Type 'Element' is missing the following properties from type 'HTMLElement': accessKey, accessKeyLabel, autocapitalize, dir, and 109 more.
client/layout/guided-tours/tours/jetpack-plugin-updates-tour/index.tsx(30,12): error TS7006: Parameter 'state' implicitly has an 'any' type.
client/layout/guided-tours/tours/jetpack-plugin-updates-tour/index.tsx(32,53): error TS2531: Object is possibly 'null'.
client/layout/guided-tours/tours/jetpack-plugin-updates-tour/index.tsx(33,47): error TS2531: Object is possibly 'null'.
client/layout/guided-tours/tours/jetpack-plugin-updates-tour/index.tsx(43,9): error TS2769: No overload matches this call.
  Overload 1 of 2, '(props: Props | Readonly<Props>): Step', gave the following error.
    Type '() => () => Promise<void>' is not assignable to type '(props: Props, context: Readonly<{ branching: Validator<object>; next: Validator<(...args: any[]) => any>; quit: Validator<(...args: any[]) => any>; start: Validator<(...args: any[]) => any>; ... 8 more ...; dispatch: Validator<...>; }>) => Promise<...>'.
      Type '() => Promise<void>' is missing the following properties from type 'Promise<void>': then, catch, finally, [Symbol.toStringTag]
  Overload 2 of 2, '(props: Props, context: any): Step', gave the following error.
    Type '() => () => Promise<void>' is not assignable to type '(props: Props, context: Readonly<{ branching: Validator<object>; next: Validator<(...args: any[]) => any>; quit: Validator<(...args: any[]) => any>; start: Validator<(...args: any[]) => any>; ... 8 more ...; dispatch: Validator<...>; }>) => Promise<...>'.
client/layout/guided-tours/tours/jetpack-plugin-updates-tour/index.tsx(65,8): error TS2322: Type '{ children: TranslateResult; href: string; }' is not assignable to type 'IntrinsicAttributes & Omit<Pick<InferProps<{ href: Requireable<string>; isButton: Requireable<boolean>; isPrimaryButton: Requireable<boolean>; newWindow: Requireable<...>; }>, "href"> & Partial<...> & Partial<...>, never>'.
  Property 'children' does not exist on type 'IntrinsicAttributes & Omit<Pick<InferProps<{ href: Requireable<string>; isButton: Requireable<boolean>; isPrimaryButton: Requireable<boolean>; newWindow: Requireable<...>; }>, "href"> & Partial<...> & Partial<...>, never>'.
client/layout/guided-tours/tours/jetpack-plugin-updates-tour/index.tsx(88,8): error TS2322: Type '{ children: TranslateResult; isButton: true; href: string; }' is not assignable to type 'IntrinsicAttributes & Omit<Pick<InferProps<{ href: Requireable<string>; isButton: Requireable<boolean>; isPrimaryButton: Requireable<boolean>; newWindow: Requireable<...>; }>, "href"> & Partial<...> & Partial<...>, never>'.
  Property 'children' does not exist on type 'IntrinsicAttributes & Omit<Pick<InferProps<{ href: Requireable<string>; isButton: Requireable<boolean>; isPrimaryButton: Requireable<boolean>; newWindow: Requireable<...>; }>, "href"> & Partial<...> & Partial<...>, never>'.
client/lib/domains/get-tld.js(1,33): error TS6307: File '/Users/sergio/src/automattic/wp-calypso/client/lib/domains/tlds/wpcom-multi-level-tlds.json' is not listed within the file list of project '/Users/sergio/src/automattic/wp-calypso/client/tsconfig.json'. Projects must list all files or use an 'include' pattern.
client/lib/gsuite/new-users.ts(44,20): error TS7053: Element implicitly has an 'any' type because expression of type 'string' can't be used to index type 'GSuiteNewUser'.
  No index signature with a parameter of type 'string' was found on type 'GSuiteNewUser'.
client/lib/gsuite/new-users.ts(52,47): error TS7006: Parameter 'callback' implicitly has an 'any' type.
client/lib/gsuite/new-users.ts(147,27): error TS7006: Parameter 'field' implicitly has an 'any' type.
client/lib/gsuite/new-users.ts(244,85): error TS7006: Parameter 'field' implicitly has an 'any' type.
client/lib/gsuite/new-users.ts(349,2): error TS2322: Type '(ResponseCartProduct | { extra: { google_apps_users: any; }; product_name: string; product_slug: string; product_id: number; currency: string; product_cost_integer: number; ... 35 more ...; related_monthly_plan_cost_integer?: number | undefined; })[]' is not assignable to type 'MinimalRequestCartProduct'.
  Type '(ResponseCartProduct | { extra: { google_apps_users: any; }; product_name: string; product_slug: string; product_id: number; currency: string; product_cost_integer: number; ... 35 more ...; related_monthly_plan_cost_integer?: number | undefined; })[]' is missing the following properties from type 'Pick<RequestCartProduct, "product_id" | "product_slug">': product_id, product_slug
client/lib/gsuite/new-users.ts(354,53): error TS2345: Argument of type 'string' is not assignable to parameter of type 'object'.
client/lib/gsuite/new-users.ts(361,4): error TS7053: Element implicitly has an 'any' type because expression of type '"new_quantity"' can't be used to index type '{ domain: string; users: GSuiteProductUser[]; }'.
  Property 'new_quantity' does not exist on type '{ domain: string; users: GSuiteProductUser[]; }'.
client/lib/gsuite/new-users.ts(362,4): error TS7053: Element implicitly has an 'any' type because expression of type '"quantity"' can't be used to index type '{ domain: string; users: GSuiteProductUser[]; }'.
  Property 'quantity' does not exist on type '{ domain: string; users: GSuiteProductUser[]; }'.
client/lib/gsuite/new-users.ts(366,4): error TS7053: Element implicitly has an 'any' type because expression of type '"quantity"' can't be used to index type '{ domain: string; users: GSuiteProductUser[]; }'.
  Property 'quantity' does not exist on type '{ domain: string; users: GSuiteProductUser[]; }'.
client/lib/importer/utils.ts(20,9): error TS2531: Object is possibly 'null'.
client/lib/jetpack/use-target-url.ts(32,65): error TS2554: Expected 1 arguments, but got 2.
client/lib/jetpack/use-target-url.ts(34,35): error TS2345: Argument of type 'DefaultRootState' is not assignable to parameter of type 'Record<string, unknown>'.
  Index signature for type 'string' is missing in type 'DefaultRootState'.
client/lib/jetpack/use-target-url.ts(53,45): error TS2769: No overload matches this call.
  The last overload gave the following error.
    Argument of type 'string | null' is not assignable to parameter of type '(substring: string, ...args: any[]) => string'.
      Type 'null' is not assignable to type '(substring: string, ...args: any[]) => string'.
client/lib/jetpack/wpcom-upsell-controller.tsx(17,40): error TS2741: Property 'prototype' is missing in type 'Component<{}, {}, any>' but required in type 'typeof Component'.
client/lib/preferences-helper/boolean-preference.tsx(16,35): error TS2345: Argument of type 'boolean' is not assignable to parameter of type 'string | number | object'.
client/lib/protect-form/index.tsx(86,34): error TS2322: Type '{ markChanged: () => void; markSaved: () => void; children?: ReactNode; }' is not assignable to type 'IntrinsicAttributes & { children?: ReactNode; }'.
  Property 'markChanged' does not exist on type 'IntrinsicAttributes & { children?: ReactNode; }'.
client/lib/protect-form/index.tsx(113,25): error TS2345: Argument of type 'TranslateResult' is not assignable to parameter of type 'string | undefined'.
client/lib/signup/flow-controller.ts(102,3): error TS2739: Type '{}' is missing the following properties from type 'Flow': destination, steps
client/lib/signup/flow-controller.ts(137,5): error TS2554: Expected 1 arguments, but got 2.
client/lib/signup/flow-controller.ts(189,66): error TS2339: Property 'steps' does not exist on type 'object'.
client/lib/signup/flow-controller.ts(383,4): error TS2345: Argument of type '{ [x: string]: unknown; }' is not assignable to parameter of type 'Dependencies'.
  'string' index signatures are incompatible.
    Type 'unknown' is not assignable to type 'string[]'.
client/lib/signup/flow-controller.ts(392,26): error TS7053: Element implicitly has an 'any' type because expression of type 'string' can't be used to index type 'Step'.
  No index signature with a parameter of type 'string' was found on type 'Step'.
client/lib/signup/flow-controller.ts(396,33): error TS7053: Element implicitly has an 'any' type because expression of type 'string' can't be used to index type 'Step'.
  No index signature with a parameter of type 'string' was found on type 'Step'.
client/lib/signup/flow-controller.ts(435,3): error TS2322: Type 'object' is not assignable to type 'Flow'.
client/lib/wp/offline-library/index.js(7,19): error TS6059: File '/Users/sergio/src/automattic/wp-calypso/cached-requests.json' is not under 'rootDir' '/Users/sergio/src/automattic/wp-calypso/client'. 'rootDir' is expected to contain all source files.
client/lib/wp/offline-library/index.js(7,19): error TS6307: File '/Users/sergio/src/automattic/wp-calypso/cached-requests.json' is not listed within the file list of project '/Users/sergio/src/automattic/wp-calypso/client/tsconfig.json'. Projects must list all files or use an 'include' pattern.
client/login/magic-login/handle-emailed-link-form-jetpack-connect.tsx(70,6): error TS2322: Type 'string' is not assignable to type 'undefined'.
client/login/magic-login/handle-emailed-link-form-jetpack-connect.tsx(70,25): error TS2531: Object is possibly 'null'.
client/login/magic-login/handle-emailed-link-form-jetpack-connect.tsx(71,6): error TS2322: Type 'string | null' is not assignable to type 'undefined'.
  Type 'null' is not assignable to type 'undefined'.
client/me/purchases/billing-history/main.tsx(45,5): error TS2741: Property 'hasScreenOptions' is missing in type '{ brandFont: true; headerText: TranslateResult; subHeaderText: TranslateResult; align: string; }' but required in type 'Pick<Pick<{ brandFont: any; id: any; headerText: any; subHeaderText: any; className: any; compactOnMobile: any; align: any; isSecondary: any; hasScreenOptions: any; }, never> & Pick<InferProps<{ id: Requireable<string>; ... 6 more ...; align: Requireable<...>; }>, "id" | ... 6 more ... | "compactOnMobile"> & Pick<.....'.
client/me/purchases/membership-item/index.tsx(41,5): error TS2322: Type 'string' is not assignable to type 'Location'.
client/me/purchases/membership-item/index.tsx(43,4): error TS2322: Type 'TranslateResult' is not assignable to type 'string | undefined'.
client/me/purchases/membership-item/index.tsx(100,34): error TS2339: Property 'icon' does not exist on type 'never'.
client/me/purchases/membership-item/index.tsx(101,26): error TS2339: Property 'icon' does not exist on type 'never'.
client/me/purchases/payment-methods/main.tsx(23,5): error TS2741: Property 'hasScreenOptions' is missing in type '{ brandFont: true; headerText: TranslateResult; subHeaderText: TranslateResult; align: string; }' but required in type 'Pick<Pick<{ brandFont: any; id: any; headerText: any; subHeaderText: any; className: any; compactOnMobile: any; align: any; isSecondary: any; hasScreenOptions: any; }, never> & Pick<InferProps<{ id: Requireable<string>; ... 6 more ...; align: Requireable<...>; }>, "id" | ... 6 more ... | "compactOnMobile"> & Pick<.....'.
client/my-sites/activity/activity-log-v2/index.tsx(103,6): error TS2741: Property 'hasScreenOptions' is missing in type '{ headerText: string; subHeaderText: TranslateResult; align: string; }' but required in type 'Pick<Pick<{ brandFont: any; id: any; headerText: any; subHeaderText: any; className: any; compactOnMobile: any; align: any; isSecondary: any; hasScreenOptions: any; }, never> & Pick<InferProps<{ id: Requireable<string>; ... 6 more ...; align: Requireable<...>; }>, "id" | ... 6 more ... | "compactOnMobile"> & Pick<.....'.
client/my-sites/backup/rewind-flow/index.tsx(47,71): error TS2345: Argument of type 'number | null' is not assignable to parameter of type 'number'.
  Type 'null' is not assignable to type 'number'.
client/my-sites/backup/rewind-flow/index.tsx(48,74): error TS2345: Argument of type 'number | null' is not assignable to parameter of type 'number'.
  Type 'null' is not assignable to type 'number'.
client/my-sites/backup/rewind-flow/index.tsx(54,25): error TS7006: Parameter 'content' implicitly has an 'any' type.
client/my-sites/backup/rewind-flow/rewind-config-editor.tsx(93,17): error TS7053: Element implicitly has an 'any' type because expression of type 'string' can't be used to index type 'RewindConfig'.
  No index signature with a parameter of type 'string' was found on type 'RewindConfig'.
client/my-sites/backup/wpcom-backup-upsell.tsx(28,4): error TS2741: Property 'icon' is missing in type '{ children: Element; title: string; image: { path: string; }; isPrimary: true; }' but required in type 'Props'.
client/my-sites/backup/wpcom-backup-upsell.tsx(48,4): error TS2741: Property 'icon' is missing in type '{ children: Element[]; title: string; image: { path: string; }; isPrimary: true; }' but required in type 'Props'.
client/my-sites/backup/wpcom-backup-upsell.tsx(78,4): error TS2741: Property 'icon' is missing in type '{ children: (false | 0 | Element | null)[]; title: string; image: { path: string; }; isPrimary: true; }' but required in type 'Props'.
client/my-sites/backup/wpcom-backup-upsell.tsx(148,5): error TS2741: Property 'hasScreenOptions' is missing in type '{ headerText: TranslateResult; id: string; align: string; brandFont: true; }' but required in type 'Pick<Pick<{ brandFont: any; id: any; headerText: any; subHeaderText: any; className: any; compactOnMobile: any; align: any; isSecondary: any; hasScreenOptions: any; }, never> & Pick<InferProps<{ id: Requireable<string>; ... 6 more ...; align: Requireable<...>; }>, "id" | ... 6 more ... | "compactOnMobile"> & Pick<.....'.
client/my-sites/backup/wpcom-upsell.tsx(31,67): error TS2345: Argument of type 'number | null' is not assignable to parameter of type 'number'.
  Type 'null' is not assignable to type 'number'.
client/my-sites/backup/wpcom-upsell.tsx(32,10): error TS2339: Property 'product_slug' does not exist on type 'SitePlan | null'.
client/my-sites/backup/wpcom-upsell.tsx(36,4): error TS2741: Property 'icon' is missing in type '{ title: i18nCalypso.TranslateResult; body: i18nCalypso.TranslateResult; image: JSX.Element; }' but required in type 'PromoSectionCardProps'.
client/my-sites/backup/wpcom-upsell.tsx(52,5): error TS2741: Property 'hasScreenOptions' is missing in type '{ headerText: TranslateResult; id: string; align: string; brandFont: true; }' but required in type 'Pick<Pick<{ brandFont: any; id: any; headerText: any; subHeaderText: any; className: any; compactOnMobile: any; align: any; isSecondary: any; hasScreenOptions: any; }, never> & Pick<InferProps<{ id: Requireable<string>; ... 6 more ...; align: Requireable<...>; }>, "id" | ... 6 more ... | "compactOnMobile"> & Pick<.....'.
client/my-sites/backup/wpcom-upsell.tsx(59,5): error TS2741: Property 'icon' is missing in type '{ children: (false | Element)[]; title: string; image: { path: string; }; isPrimary: true; }' but required in type 'Props'.
client/my-sites/checkout/checkout-thank-you/jetpack-checkout-siteless-thank-you-completed.tsx(48,65): error TS2554: Expected 1 arguments, but got 2.
client/my-sites/checkout/checkout-thank-you/jetpack-checkout-siteless-thank-you-completed.tsx(99,19): error TS2339: Property 'name' does not exist on type 'object'.
client/my-sites/checkout/checkout-thank-you/jetpack-checkout-siteless-thank-you-completed.tsx(103,51): error TS2339: Property 'name' does not exist on type 'object'.
client/my-sites/checkout/checkout-thank-you/jetpack-checkout-thank-you.tsx(28,3): error TS2345: Argument of type 'object' is not assignable to parameter of type 'AnyAction | Lazy<AnyAction>'.
  Type 'object' is not assignable to type 'Lazy<AnyAction>'.
client/my-sites/checkout/checkout-thank-you/marketplace/marketplace-thank-you.tsx(151,18): error TS2322: Type 'MarketplaceThemeType' is not assignable to type 'Partial<Theme> | ((outerTheme: Theme) => Theme)'.
  Type 'MarketplaceThemeType' is not assignable to type 'Partial<Theme>'.
    Types of property 'colors' are incompatible.
      Type '{ textColorLight: string; borderColorLight: string; studioGrey: string; }' is missing the following properties from type '{ background: string; surface: string; primary: string; primaryBorder: string; primaryOver: string; highlight: string; highlightBorder: string; highlightOver: string; success: string; discount: string; ... 22 more ...; placeHolderTextColor: string; }': background, surface, primary, primaryBorder, and 27 more.
client/my-sites/checkout/checkout-thank-you/transfer-pending/index.tsx(29,65): error TS2554: Expected 1 arguments, but got 2.
client/my-sites/checkout/composite-checkout/components/contact-details-container.tsx(114,8): error TS2741: Property 'value' is missing in type '{ id: string; type: string; label: string; disabled: boolean; onChange: (value: string) => void; autoComplete: string; isError: any; errorMessage: any; description: string; }' but required in type '{ type?: string | undefined; id: string; className?: string | undefined; inputClassName?: string | undefined; isError?: boolean | undefined; onChange: (value: string) => void; label?: string | undefined; ... 9 more ...; disabled?: boolean | undefined; }'.
client/my-sites/checkout/composite-checkout/components/country-specific-payment-fields.ts(14,7): error TS2322: Type 'StyledComponent<WithoutLocalizedProps<any> & { theme?: Theme | undefined; }, {}, { ref?: Ref<Component<WithoutLocalizedProps<any>, any, any>> | undefined; }>' is not assignable to type 'FunctionComponent<CountrySpecificPaymentFieldsProps>'.
  Types of property 'propTypes' are incompatible.
    Type 'WeakValidationMap<WithoutLocalizedProps<any> & { theme?: Theme | undefined; } & { ref?: Ref<Component<WithoutLocalizedProps<any>, any, any>> | undefined; }> | undefined' is not assignable to type 'WeakValidationMap<CountrySpecificPaymentFieldsProps> | undefined'.
      Type 'WeakValidationMap<WithoutLocalizedProps<any> & { theme?: Theme | undefined; } & { ref?: Ref<Component<WithoutLocalizedProps<any>, any, any>> | undefined; }>' has no properties in common with type 'WeakValidationMap<CountrySpecificPaymentFieldsProps>'.
client/my-sites/checkout/composite-checkout/components/wp-checkout-order-review.tsx(117,67): error TS2322: Type 'false | "is-summary" | undefined' is not assignable to type 'string | null | undefined'.
  Type 'false' is not assignable to type 'string | null | undefined'.
client/my-sites/checkout/composite-checkout/hooks/product-variants.tsx(228,30): error TS2345: Argument of type 'string | undefined' is not assignable to parameter of type 'string'.
  Type 'undefined' is not assignable to type 'string'.
client/my-sites/checkout/composite-checkout/hooks/use-create-payment-complete-callback.tsx(2,45): error TS2307: Cannot find module '@automattic/viewport' or its corresponding type declarations.
client/my-sites/checkout/composite-checkout/hooks/use-create-payment-complete-callback.tsx(148,6): error TS2322: Type 'unknown' is not assignable to type 'Error'.
client/my-sites/checkout/composite-checkout/hooks/use-create-payment-methods/index.ts(82,7): error TS2322: Type 'string | undefined' is not assignable to type 'undefined'.
  Type 'string' is not assignable to type 'undefined'.
client/my-sites/checkout/composite-checkout/hooks/use-get-thank-you-url/get-thank-you-page-url.ts(308,41): error TS2345: Argument of type 'string' is not assignable to parameter of type '"jetpack_search" | "jetpack_videopress" | "jetpack_backup_daily" | "jetpack_backup_realtime" | "jetpack_backup_t1_yearly" | "jetpack_backup_t2_yearly" | "jetpack_backup_daily_monthly" | ... 22 more ... | "jetpack_complete_monthly"'.
client/my-sites/checkout/composite-checkout/hooks/use-get-thank-you-url/get-thank-you-page-url.ts(380,4): error TS2345: Argument of type 'string | undefined' is not assignable to parameter of type 'string'.
  Type 'undefined' is not assignable to type 'string'.
client/my-sites/checkout/composite-checkout/lib/analytics.ts(97,4): error TS2322: Type 'unknown' is not assignable to type 'Error'.
client/my-sites/checkout/composite-checkout/lib/contact-validation.tsx(60,28): error TS2322: Type 'string' is not assignable to type 'undefined'.
client/my-sites/checkout/composite-checkout/lib/contact-validation.tsx(60,40): error TS2322: Type 'string' is not assignable to type 'undefined'.
client/my-sites/customer-home/cards/tasks/verify-email/index.tsx(15,4): error TS2740: Type '{ title: TranslateResult; description: TranslateResult; actionText: TranslateResult; actionOnClick: () => { type: string; showGlobalNotices: boolean; }; badgeText: TranslateResult; showSkip: false; taskId: string; }' is missing the following properties from type 'Omit<{ actionButton: any; actionOnClick: any; actionTarget: any; actionText: any; actionUrl: any; badgeText: any; completeOnStart?: boolean | undefined; description: any; hasAction?: boolean | undefined; ... 9 more ...; title: any; }, "siteId">': illustration, scary, actionTarget, actionButton, and 2 more.
client/my-sites/earn/home.tsx(63,2): error TS2339: Property 'isPremiumOrBetterPlan' does not exist on type 'PropsWithChildren<ConnectedProps>'.
client/my-sites/earn/home.tsx(65,2): error TS2339: Property 'isUserAdmin' does not exist on type 'PropsWithChildren<ConnectedProps>'.
client/my-sites/earn/home.tsx(503,3): error TS2741: Property 'icon' is missing in type '{ title: i18nCalypso.TranslateResult; image: { path: string; align: string; }; body: i18nCalypso.TranslateResult; }' but required in type 'PromoSectionCardProps'.
client/my-sites/earn/home.tsx(504,3): error TS2322: Type '({ title: TranslateResult; body: TranslateResult; icon: string; actions: { cta: { text: TranslateResult; action: () => void; }; }; } | { title: TranslateResult; body: Element; icon: string; actions: { ...; }; } | { ...; })[]' is not assignable to type 'PromoSectionCardProps[]'.
  Type '{ title: TranslateResult; body: TranslateResult; icon: string; actions: { cta: { text: TranslateResult; action: () => void; }; }; } | { title: TranslateResult; body: Element; icon: string; actions: { ...; }; } | { ...; }' is not assignable to type 'PromoSectionCardProps'.
    Type '{ title: i18nCalypso.TranslateResult; body: JSX.Element; icon: string; actions: { cta: { text: i18nCalypso.TranslateResult; action: { url: string; onClick: () => void; }; } | { ...; }; learnMoreLink: { ...; } | null; }; }' is not assignable to type 'PromoSectionCardProps'.
      The types of 'actions.learnMoreLink' are incompatible between these types.
        Type '{ url: string; onClick: () => void; } | null' is not assignable to type 'CtaAction | undefined'.
          Type 'null' is not assignable to type 'CtaAction | undefined'.
client/my-sites/earn/home.tsx(531,7): error TS2322: Type '{ title: i18nCalypso.TranslateResult; image: { path: string; align: string; }; body: i18nCalypso.TranslateResult; }' is not assignable to type 'PromoSectionCardProps'.
client/my-sites/earn/home.tsx(532,18): error TS2741: Property 'icon' is missing in type '{ title: string; body: string; image: JSX.Element; }' but required in type 'PromoSectionCardProps'.
client/my-sites/earn/home.tsx(532,45): error TS2322: Type '{ title: string; body: string; image: JSX.Element; }' is not assignable to type 'PromoSectionCardProps'.
client/my-sites/earn/home.tsx(542,2): error TS2769: No overload matches this call.
  The last overload gave the following error.
    Argument of type '(state: DefaultRootState) => { siteId: number; selectedSiteSlug: string | null; isFreePlan: boolean; isPremiumOrBetterPlan: boolean | "" | null; isNonAtomicJetpack: boolean | null; ... 5 more ...; hasSetupAds: any; }' is not assignable to parameter of type 'MapStateToPropsParam<ConnectedProps, unknown, DefaultRootState>'.
      Type '(state: DefaultRootState) => { siteId: number; selectedSiteSlug: string | null; isFreePlan: boolean; isPremiumOrBetterPlan: boolean | "" | null; isNonAtomicJetpack: boolean | null; ... 5 more ...; hasSetupAds: any; }' is not assignable to type 'MapStateToPropsFactory<ConnectedProps, unknown, DefaultRootState>'.
        Type '{ siteId: number; selectedSiteSlug: string | null; isFreePlan: boolean; isPremiumOrBetterPlan: boolean | "" | null; isNonAtomicJetpack: boolean | null; isUserAdmin: boolean; hasWordAds: boolean; hasSimplePayments: boolean; hasConnectedAccount: any; isLoading: boolean; hasSetupAds: any; }' is not assignable to type 'MapStateToProps<ConnectedProps, unknown, DefaultRootState>'.
          Type '{ siteId: number; selectedSiteSlug: string | null; isFreePlan: boolean; isPremiumOrBetterPlan: boolean | "" | null; isNonAtomicJetpack: boolean | null; isUserAdmin: boolean; hasWordAds: boolean; hasSimplePayments: boolean; hasConnectedAccount: any; isLoading: boolean; hasSetupAds: any; }' provides no match for the signature '(state: DefaultRootState, ownProps: unknown): ConnectedProps'.
client/my-sites/earn/home.tsx(550,11): error TS2339: Property 'memberships' does not exist on type 'DefaultRootState'.
client/my-sites/earn/refer-a-friend/index.tsx(103,3): error TS2741: Property 'icon' is missing in type '{ title: i18nCalypso.TranslateResult; image: { path: string; }; body: i18nCalypso.TranslateResult; }' but required in type 'PromoSectionCardProps'.
client/my-sites/earn/refer-a-friend/index.tsx(117,3): error TS2322: Type '{ title: TranslateResult; body: TranslateResult; image: { path: string; }; actions: { cta: CtaButton; }; }[]' is not assignable to type 'PromoSectionCardProps[]'.
  Property 'icon' is missing in type '{ title: i18nCalypso.TranslateResult; body: i18nCalypso.TranslateResult; image: { path: string; }; actions: { cta: CtaButton; }; }' but required in type 'PromoSectionCardProps'.
client/my-sites/earn/refer-a-friend/index.tsx(130,2): error TS2769: No overload matches this call.
  The last overload gave the following error.
    Argument of type '(state: DefaultRootState) => { siteId: any; isJetpack: boolean | null; isAtomicSite: boolean | null; }' is not assignable to parameter of type 'MapStateToPropsParam<ConnectedProps, unknown, DefaultRootState>'.
      Type '(state: DefaultRootState) => { siteId: any; isJetpack: boolean | null; isAtomicSite: boolean | null; }' is not assignable to type 'MapStateToPropsFactory<ConnectedProps, unknown, DefaultRootState>'.
        Type '{ siteId: any; isJetpack: boolean | null; isAtomicSite: boolean | null; }' is not assignable to type 'MapStateToProps<ConnectedProps, unknown, DefaultRootState>'.
          Type '{ siteId: any; isJetpack: boolean | null; isAtomicSite: boolean | null; }' provides no match for the signature '(state: DefaultRootState, ownProps: unknown): ConnectedProps'.
client/my-sites/email/titan-set-up-thank-you/index.tsx(38,77): error TS2345: Argument of type 'string' is not assignable to parameter of type 'null | undefined'.
client/my-sites/email/titan-set-up-thank-you/index.tsx(48,3): error TS2345: Argument of type 'string' is not assignable to parameter of type 'null | undefined'.
client/my-sites/jetpack-search/content.tsx(46,5): error TS2741: Property 'hasScreenOptions' is missing in type '{ headerText: TranslateResult; id: string; align: string; brandFont: true; }' but required in type 'Pick<Pick<{ brandFont: any; id: any; headerText: any; subHeaderText: any; className: any; compactOnMobile: any; align: any; isSecondary: any; hasScreenOptions: any; }, never> & Pick<InferProps<{ id: Requireable<string>; ... 6 more ...; align: Requireable<...>; }>, "id" | ... 6 more ... | "compactOnMobile"> & Pick<.....'.
client/my-sites/jetpack-search/content.tsx(52,36): error TS2322: Type 'ReactNode' is not assignable to type 'ReactElement<any, string | JSXElementConstructor<any>> | Image | undefined'.
  Type 'null' is not assignable to type 'ReactElement<any, string | JSXElementConstructor<any>> | Image | undefined'.
client/my-sites/jetpack-search/content.tsx(57,7): error TS2322: Type 'TranslateResult | undefined' is not assignable to type 'TranslateResult'.
client/my-sites/jetpack-search/content.tsx(59,8): error TS2322: Type 'TranslateResult | undefined' is not assignable to type 'string'.
  Type 'undefined' is not assignable to type 'string'.
client/my-sites/jetpack-search/content.tsx(60,8): error TS2322: Type '(() => void) | null' is not assignable to type 'ClickCallback'.
  Type 'null' is not assignable to type 'ClickCallback'.
client/my-sites/jetpack-search/main-jetpack.tsx(26,3): error TS2345: Argument of type 'Purchase[]' is not assignable to parameter of type 'Record<string, unknown>[]'.
  Type 'Purchase' is not assignable to type 'Record<string, unknown>'.
    Index signature for type 'string' is missing in type 'Purchase'.
client/my-sites/jetpack-search/main-jetpack.tsx(27,9): error TS2339: Property 'plan' does not exist on type 'object'.
client/my-sites/jetpack-search/main-jetpack.tsx(59,31): error TS2322: Type 'boolean | null' is not assignable to type 'boolean'.
client/my-sites/jetpack-search/main-wpcom-simple.tsx(24,3): error TS2345: Argument of type 'Purchase[]' is not assignable to parameter of type 'Record<string, unknown>[]'.
client/my-sites/jetpack-search/main-wpcom-simple.tsx(25,9): error TS2339: Property 'plan' does not exist on type 'object'.
client/my-sites/jetpack-search/main-wpcom-simple.tsx(51,31): error TS2322: Type 'object' is not assignable to type 'boolean'.
client/my-sites/jetpack-search/placeholder.tsx(24,24): error TS2322: Type 'number | null' is not assignable to type 'number'.
  Type 'null' is not assignable to type 'number'.
client/my-sites/jetpack-search/purchases.ts(11,45): error TS7006: Parameter 'purchase' implicitly has an 'any' type.
client/my-sites/marketing/do-it-for-me/site-info-collection.tsx(49,4): error TS2741: Property 'className' is missing in type '{ children: Element; }' but required in type '{ children: any; className: any; }'.
client/my-sites/marketing/do-it-for-me/site-info-collection.tsx(51,6): error TS2741: Property 'hasScreenOptions' is missing in type '{ brandFont: true; headerText: string; subHeaderText: string; align: string; }' but required in type 'Pick<Pick<{ brandFont: any; id: any; headerText: any; subHeaderText: any; className: any; compactOnMobile: any; align: any; isSecondary: any; hasScreenOptions: any; }, never> & Pick<InferProps<{ id: Requireable<string>; ... 6 more ...; align: Requireable<...>; }>, "id" | ... 6 more ... | "compactOnMobile"> & Pick<.....'.
client/my-sites/marketing/tools/header.tsx(18,6): error TS2322: Type 'TranslateResult' is not assignable to type 'string | undefined'.
client/my-sites/marketing/tools/index.tsx(99,20): error TS2571: Object is of type 'unknown'.
client/my-sites/marketplace/components/index.tsx(13,20): error TS2339: Property 'subtitle' does not exist on type '{ theme?: Theme | undefined; as?: ElementType<any> | undefined; } & ClassAttributes<HTMLHeadingElement> & HTMLAttributes<HTMLHeadingElement> & { ...; }'.
client/my-sites/marketplace/components/marketplace-shopping-cart/index.tsx(142,6): error TS2741: Property 'responseCart' is missing in type '{ key: string; product: ResponseCartProduct; }' but required in type '{ children?: ReactNode; product: ResponseCartProduct; className?: string | undefined; hasDeleteButton?: boolean | undefined; removeProductFromCart?: RemoveProductFromCart | undefined; isSummary?: boolean | undefined; createUserAndSiteBeforeTransaction?: boolean | undefined; responseCart: ResponseCart<...>; isPwpoUse...'.
client/my-sites/marketplace/pages/marketplace-domain-upsell/index.tsx(3,27): error TS2307: Cannot find module '@automattic/viewport' or its corresponding type declarations.
client/my-sites/marketplace/pages/marketplace-domain-upsell/index.tsx(80,31): error TS2339: Property 'domain' does not exist on type 'object'.
client/my-sites/marketplace/pages/marketplace-domain-upsell/index.tsx(124,40): error TS2345: Argument of type 'string | undefined' is not assignable to parameter of type 'string'.
  Type 'undefined' is not assignable to type 'string'.
client/my-sites/marketplace/pages/marketplace-domain-upsell/index.tsx(196,18): error TS2322: Type 'MarketplaceThemeType' is not assignable to type 'Partial<Theme> | ((outerTheme: Theme) => Theme)'.
  Type 'MarketplaceThemeType' is not assignable to type 'Partial<Theme>'.
client/my-sites/marketplace/pages/marketplace-plugin-setup-status/index.tsx(90,9): error TS2695: Left side of comma operator is unused and has no side effects.
client/my-sites/marketplace/pages/marketplace-plugin-setup-status/index.tsx(106,37): error TS2345: Argument of type 'string' is not assignable to parameter of type 'keyof IProductCollection'.
client/my-sites/marketplace/pages/marketplace-plugin-setup-status/index.tsx(158,18): error TS2322: Type 'MarketplaceThemeType' is not assignable to type 'Partial<Theme> | ((outerTheme: Theme) => Theme)'.
  Type 'MarketplaceThemeType' is not assignable to type 'Partial<Theme>'.
client/my-sites/marketplace/pages/marketplace-product-details/index.tsx(80,56): error TS7053: Element implicitly has an 'any' type because expression of type 'string' can't be used to index type '{ BLOCKED_ATOMIC_TRANSFER: { message: TranslateResult; status: string; contactUrl: string; }; TRANSFER_ALREADY_EXISTS: { message: TranslateResult; status: null; contactUrl: null; }; NO_JETPACK_SITES: { ...; }; NO_VIP_SITES: { ...; }; SITE_GRAYLISTED: { ...; }; NO_SSL_CERTIFICATE: { ...; }; }'.
  No index signature with a parameter of type 'string' was found on type '{ BLOCKED_ATOMIC_TRANSFER: { message: TranslateResult; status: string; contactUrl: string; }; TRANSFER_ALREADY_EXISTS: { message: TranslateResult; status: null; contactUrl: null; }; NO_JETPACK_SITES: { ...; }; NO_VIP_SITES: { ...; }; SITE_GRAYLISTED: { ...; }; NO_SSL_CERTIFICATE: { ...; }; }'.
client/my-sites/marketplace/pages/marketplace-product-details/index.tsx(106,6): error TS2322: Type '(productSlug: keyof IProductCollection, primaryDomain: string) => Promise<ResponseCart<ResponseCartProduct>>' is not assignable to type '(productSlug: string, primaryDomain: string) => Promise<ResponseCart<ResponseCartProduct>>'.
  Types of parameters 'productSlug' and 'productSlug' are incompatible.
    Type 'string' is not assignable to type 'keyof IProductCollection'.
client/my-sites/marketplace/pages/marketplace-test/admin-menu-fetch.tsx(38,26): error TS2345: Argument of type '{ isRequestingMenu: any; postsPageUrl: any; yoastSeoPageUrl: any; }' is not assignable to parameter of type 'ArrayLike<unknown>'.
  Object literal may only specify known properties, and 'isRequestingMenu' does not exist in type 'ArrayLike<unknown>'.
client/my-sites/marketplace/pages/marketplace-test/admin-menu-fetch.tsx(39,6): error TS2345: Argument of type '({ key, value }: { key: any; value: any; }) => Element' is not assignable to parameter of type '(value: unknown, index: number, array: unknown[]) => Element'.
  Types of parameters '__0' and 'value' are incompatible.
    Type 'unknown' is not assignable to type '{ key: any; value: any; }'.
client/my-sites/marketplace/pages/marketplace-test/component-demo.tsx(19,5): error TS2741: Property 'accelerateCompletion' is missing in type '{ steps: TranslateResult[]; }' but required in type '{ steps: TranslateResult[]; accelerateCompletion: boolean; }'.
client/my-sites/marketplace/pages/marketplace-test/index.tsx(102,10): error TS2339: Property 'ID' does not exist on type 'SiteData | null'.
client/my-sites/marketplace/pages/marketplace-test/index.tsx(102,14): error TS2339: Property 'URL' does not exist on type 'SiteData | null'.
client/my-sites/marketplace/pages/marketplace-test/index.tsx(102,19): error TS2339: Property 'domain' does not exist on type 'SiteData | null'.
client/my-sites/marketplace/pages/marketplace-test/index.tsx(102,27): error TS2339: Property 'options' does not exist on type 'SiteData | null'.
client/my-sites/marketplace/pages/marketplace-test/index.tsx(108,32): error TS7053: Element implicitly has an 'any' type because expression of type 'any' can't be used to index type '{ BLOCKED_ATOMIC_TRANSFER: { message: TranslateResult; status: string; contactUrl: string; }; TRANSFER_ALREADY_EXISTS: { message: TranslateResult; status: null; contactUrl: null; }; NO_JETPACK_SITES: { ...; }; NO_VIP_SITES: { ...; }; SITE_GRAYLISTED: { ...; }; NO_SSL_CERTIFICATE: { ...; }; }'.
client/my-sites/marketplace/pages/marketplace-test/index.tsx(109,32): error TS7053: Element implicitly has an 'any' type because expression of type 'string' can't be used to index type '{ BLOCKED_ATOMIC_TRANSFER: { message: TranslateResult; status: string; contactUrl: string; }; TRANSFER_ALREADY_EXISTS: { message: TranslateResult; status: null; contactUrl: null; }; NO_JETPACK_SITES: { ...; }; NO_VIP_SITES: { ...; }; SITE_GRAYLISTED: { ...; }; NO_SSL_CERTIFICATE: { ...; }; }'.
  No index signature with a parameter of type 'string' was found on type '{ BLOCKED_ATOMIC_TRANSFER: { message: TranslateResult; status: string; contactUrl: string; }; TRANSFER_ALREADY_EXISTS: { message: TranslateResult; status: null; contactUrl: null; }; NO_JETPACK_SITES: { ...; }; NO_VIP_SITES: { ...; }; SITE_GRAYLISTED: { ...; }; NO_SSL_CERTIFICATE: { ...; }; }'.
client/my-sites/marketplace/pages/marketplace-test/index.tsx(165,11): error TS2571: Object is of type 'unknown'.
client/my-sites/marketplace/pages/marketplace-test/index.tsx(165,27): error TS2571: Object is of type 'unknown'.
client/my-sites/marketplace/pages/marketplace-test/index.tsx(178,25): error TS2345: Argument of type 'EligibilityData' is not assignable to parameter of type 'ArrayLike<unknown>'.
  Property 'length' is missing in type 'EligibilityData' but required in type 'ArrayLike<unknown>'.
client/my-sites/marketplace/pages/marketplace-test/index.tsx(180,10): error TS2571: Object is of type 'unknown'.
client/my-sites/marketplace/pages/marketplace-test/index.tsx(180,26): error TS2571: Object is of type 'unknown'.
client/my-sites/marketplace/pages/marketplace-test/index.tsx(188,7): error TS2739: Type '{ warnings: any; context: string; translate: { (options: DeprecatedTranslateOptions): TranslateResult; (original: string): TranslateResult; (original: string, options: TranslateOptions): TranslateResult; (original: string, plural: string, options: TranslateOptions & { ...; }): TranslateResult; } & { ...; }; }' is missing the following properties from type 'LocalizeProps': locale, numberFormat
client/my-sites/marketplace/pages/marketplace-test/index.tsx(221,25): error TS2345: Argument of type 'number | ((...items: never[]) => number) | (() => IterableIterator<never>) | { <S extends never>(predicate: (this: void, value: never, index: number, obj: never[]) => value is S, thisArg?: any): S | undefined; (predicate: (value: never, index: number, obj: never[]) => unknown, thisArg?: any): undefined; } | ... 29 m...' is not assignable to parameter of type 'ArrayLike<unknown>'.
  Type 'number' is not assignable to type 'ArrayLike<unknown>'.
client/my-sites/marketplace/pages/marketplace-test/index.tsx(221,57): error TS2345: Argument of type '({ key, value }: { key: any; value: any; }) => Element' is not assignable to parameter of type '(value: unknown, index: number, array: unknown[]) => Element'.
  Types of parameters '__0' and 'value' are incompatible.
    Type 'unknown' is not assignable to type '{ key: any; value: any; }'.
client/my-sites/marketplace/pages/marketplace-test/index.tsx(232,25): error TS2345: Argument of type 'number | ((...items: never[]) => number) | (() => IterableIterator<never>) | { <S extends never>(predicate: (this: void, value: never, index: number, obj: never[]) => value is S, thisArg?: any): S | undefined; (predicate: (value: never, index: number, obj: never[]) => unknown, thisArg?: any): undefined; } | ... 29 m...' is not assignable to parameter of type 'ArrayLike<unknown>'.
client/my-sites/marketplace/pages/marketplace-test/index.tsx(232,54): error TS2345: Argument of type '({ key, value }: { key: any; value: any; }) => Element' is not assignable to parameter of type '(value: unknown, index: number, array: unknown[]) => Element'.
  Types of parameters '__0' and 'value' are incompatible.
    Type 'unknown' is not assignable to type '{ key: any; value: any; }'.
client/my-sites/marketplace/pages/marketplace-test/index.tsx(241,25): error TS2345: Argument of type 'number | ((...items: never[]) => number) | (() => IterableIterator<never>) | { <S extends never>(predicate: (this: void, value: never, index: number, obj: never[]) => value is S, thisArg?: any): S | undefined; (predicate: (value: never, index: number, obj: never[]) => unknown, thisArg?: any): undefined; } | ... 29 m...' is not assignable to parameter of type 'ArrayLike<unknown>'.
client/my-sites/marketplace/pages/marketplace-test/index.tsx(241,50): error TS2345: Argument of type '({ key, value }: { key: any; value: any; }) => Element' is not assignable to parameter of type '(value: unknown, index: number, array: unknown[]) => Element'.
  Types of parameters '__0' and 'value' are incompatible.
    Type 'unknown' is not assignable to type '{ key: any; value: any; }'.
client/my-sites/marketplace/pages/marketplace-test/index.tsx(253,37): error TS2339: Property 'author' does not exist on type 'never'.
client/my-sites/marketplace/pages/marketplace-test/index.tsx(255,28): error TS2339: Property 'id' does not exist on type 'never'.
client/my-sites/marketplace/pages/marketplace-test/index.tsx(260,77): error TS2345: Argument of type 'unknown' is not assignable to parameter of type 'string'.
client/my-sites/marketplace/pages/marketplace-test/index.tsx(261,16): error TS2345: Argument of type '({ key, value }: { key: any; value: any; }) => Element' is not assignable to parameter of type '(value: unknown, index: number, array: unknown[]) => Element'.
  Types of parameters '__0' and 'value' are incompatible.
    Type 'unknown' is not assignable to type '{ key: any; value: any; }'.
client/my-sites/media-library/media-file.tsx(61,45): error TS2345: Argument of type 'number | null' is not assignable to parameter of type 'number'.
  Type 'null' is not assignable to type 'number'.
client/my-sites/media-library/media-file.tsx(62,10): error TS2339: Property 'filePath' does not exist on type '{}'.
client/my-sites/media-library/media-file.tsx(62,20): error TS2339: Property 'query' does not exist on type '{}'.
client/my-sites/media-library/media-file.tsx(62,27): error TS2339: Property 'isRelativeToSiteRoot' does not exist on type '{}'.
client/my-sites/media-library/media-image.tsx(9,3): error TS2322: Type '(props: Props & ImgProps) => Element' is not assignable to type 'RenderedComponent'.
  Type '(props: Props & ImgProps) => Element' is not assignable to type 'FunctionComponent<RenderedComponentProps>'.
    Types of parameters 'props' and 'props' are incompatible.
      Type 'PropsWithChildren<RenderedComponentProps>' is not assignable to type 'Props & ImgProps'.
        Property 'placeholder' is missing in type 'PropsWithChildren<RenderedComponentProps>' but required in type 'Props'.
client/my-sites/media-library/proxied-image.tsx(65,13): error TS2339: Property 'maxSize' does not exist on type '{ query: string; }'.
client/my-sites/people/contractor-select/index.tsx(11,14): error TS7006: Parameter 'event' implicitly has an 'any' type.
client/my-sites/plans-features-main/plan-type-selector.tsx(100,2): error TS2344: Type '"plans" | "isInSignup" | "intervalType" | "eligibleForWpcomMonthlyPlans"' does not satisfy the constraint 'keyof Props'.
  Type '"eligibleForWpcomMonthlyPlans"' is not assignable to type 'keyof Props'.
client/my-sites/plans-features-main/plan-type-selector.tsx(178,11): error TS2741: Property 'eligibleForWpcomMonthlyPlans' is missing in type '{ basePlansPath?: string | null | undefined; intervalType: string; customerType: string; withDiscount?: string | undefined; hidePersonalPlan: boolean; siteSlug?: string | null | undefined; ... 4 more ...; children?: ReactNode; }' but required in type 'IntervalTypeProps'.
client/my-sites/plans/current-plan/current-plan-thank-you/anti-spam-thank-you.tsx(20,37): error TS7031: Binding element 'installProgress' implicitly has an 'any' type.
client/my-sites/plans/current-plan/current-plan-thank-you/anti-spam-thank-you.tsx(29,4): error TS2322: Type 'false | ThankYouCtaType' is not assignable to type 'ThankYouCtaType | undefined'.
  Type 'false' is not assignable to type 'ThankYouCtaType | undefined'.
client/my-sites/plans/current-plan/current-plan-thank-you/jetpack-complete.tsx(5,37): error TS7031: Binding element 'translate' implicitly has an 'any' type.
client/my-sites/plans/current-plan/current-plan-thank-you/jetpack-security-daily.tsx(5,42): error TS7031: Binding element 'translate' implicitly has an 'any' type.
client/my-sites/plans/current-plan/current-plan-thank-you/jetpack-security-realtime.tsx(5,45): error TS7031: Binding element 'translate' implicitly has an 'any' type.
client/my-sites/plans/current-plan/current-plan-thank-you/thank-you.tsx(2,27): error TS2307: Cannot find module '@automattic/viewport' or its corresponding type declarations.
client/my-sites/plans/current-plan/current-plan-thank-you/thank-you.tsx(24,44): error TS2531: Object is possibly 'null'.
client/my-sites/plans/current-plan/current-plan-thank-you/thank-you.tsx(24,56): error TS2339: Property 'site_count' does not exist on type 'object'.
client/my-sites/plans/current-plan/current-plan-thank-you/thank-you.tsx(86,42): error TS2339: Property 'install' does not exist on type 'object'.
client/my-sites/plans/current-plan/current-plan-thank-you/thank-you.tsx(154,8): error TS2322: Type 'string | number' is not assignable to type 'string | undefined'.
client/my-sites/plans/current-plan/jetpack-checklist/index.tsx(12,27): error TS2307: Cannot find module '@automattic/viewport' or its corresponding type declarations.
client/my-sites/plans/current-plan/jetpack-checklist/index.tsx(63,55): error TS2339: Property 'hj' does not exist on type 'Window & typeof globalThis'.
client/my-sites/plans/current-plan/jetpack-checklist/index.tsx(64,11): error TS2339: Property 'hj' does not exist on type 'Window & typeof globalThis'.
client/my-sites/plans/current-plan/jetpack-checklist/index.tsx(111,15): error TS2339: Property 'recordTracksEvent' does not exist on type 'Readonly<Props & LocalizeProps> & Readonly<{ children?: ReactNode; }>'.
client/my-sites/plans/current-plan/jetpack-checklist/index.tsx(119,15): error TS2339: Property 'requestGuidedTour' does not exist on type 'Readonly<Props & LocalizeProps> & Readonly<{ children?: ReactNode; }>'.
client/my-sites/plans/current-plan/jetpack-checklist/index.tsx(124,14): error TS2339: Property 'recordTracksEvent' does not exist on type 'Readonly<Props & LocalizeProps> & Readonly<{ children?: ReactNode; }>'.
client/my-sites/plans/current-plan/jetpack-checklist/index.tsx(131,19): error TS2339: Property 'recordTracksEvent' does not exist on type 'Readonly<Props & LocalizeProps> & Readonly<{ children?: ReactNode; }>'.
client/my-sites/plans/current-plan/jetpack-checklist/index.tsx(145,24): error TS2339: Property 'wpAdminUrl' does not exist on type 'Readonly<Props & LocalizeProps> & Readonly<{ children?: ReactNode; }>'.
client/my-sites/plans/current-plan/jetpack-checklist/index.tsx(156,4): error TS2339: Property 'akismetFinished' does not exist on type 'Readonly<Props & LocalizeProps> & Readonly<{ children?: ReactNode; }>'.
client/my-sites/plans/current-plan/jetpack-checklist/index.tsx(158,4): error TS2339: Property 'hasAntiSpam' does not exist on type 'Readonly<Props & LocalizeProps> & Readonly<{ children?: ReactNode; }>'.
client/my-sites/plans/current-plan/jetpack-checklist/index.tsx(159,4): error TS2339: Property 'productInstallStatus' does not exist on type 'Readonly<Props & LocalizeProps> & Readonly<{ children?: ReactNode; }>'.
client/my-sites/plans/current-plan/jetpack-checklist/index.tsx(160,4): error TS2339: Property 'rewindState' does not exist on type 'Readonly<Props & LocalizeProps> & Readonly<{ children?: ReactNode; }>'.
client/my-sites/plans/current-plan/jetpack-checklist/index.tsx(161,4): error TS2339: Property 'siteId' does not exist on type 'Readonly<Props & LocalizeProps> & Readonly<{ children?: ReactNode; }>'.
client/my-sites/plans/current-plan/jetpack-checklist/index.tsx(162,4): error TS2339: Property 'siteSlug' does not exist on type 'Readonly<Props & LocalizeProps> & Readonly<{ children?: ReactNode; }>'.
client/my-sites/plans/current-plan/jetpack-checklist/index.tsx(165,4): error TS2339: Property 'vaultpressFinished' does not exist on type 'Readonly<Props & LocalizeProps> & Readonly<{ children?: ReactNode; }>'.
client/my-sites/plans/current-plan/jetpack-checklist/index.tsx(379,27): error TS7006: Parameter 'state' implicitly has an 'any' type.
client/my-sites/plans/current-plan/jetpack-checklist/index.tsx(383,70): error TS2345: Argument of type 'number | null' is not assignable to parameter of type 'number'.
  Type 'null' is not assignable to type 'number'.
client/my-sites/plans/current-plan/jetpack-checklist/index.tsx(391,43): error TS2345: Argument of type 'number | null' is not assignable to parameter of type 'number'.
  Type 'null' is not assignable to type 'number'.
client/my-sites/plans/current-plan/jetpack-checklist/index.tsx(394,77): error TS2345: Argument of type 'number | null' is not assignable to parameter of type 'number'.
  Type 'null' is not assignable to type 'number'.
client/my-sites/plans/current-plan/jetpack-checklist/index.tsx(401,65): error TS2339: Property 'akismet_status' does not exist on type 'object'.
client/my-sites/plans/current-plan/jetpack-checklist/index.tsx(404,62): error TS2339: Property 'vaultpress_status' does not exist on type 'object'.
client/my-sites/plans/current-plan/jetpack-checklist/index.tsx(405,37): error TS2554: Expected 5 arguments, but got 3.
client/my-sites/plans/current-plan/jetpack-checklist/index.tsx(411,33): error TS2554: Expected 1 arguments, but got 2.
client/my-sites/plans/current-plan/jetpack-checklist/index.tsx(412,42): error TS2345: Argument of type 'number | null' is not assignable to parameter of type 'number'.
  Type 'null' is not assignable to type 'number'.
client/my-sites/plans/current-plan/jetpack-checklist/index.tsx(412,52): error TS2339: Property 'tasks' does not exist on type 'object'.
client/my-sites/plans/current-plan/jetpack-product-install/index.tsx(181,27): error TS7053: Element implicitly has an 'any' type because expression of type 'string' can't be used to index type '{}'.
  No index signature with a parameter of type 'string' was found on type '{}'.
client/my-sites/plans/current-plan/jetpack-product-install/index.tsx(293,37): error TS2339: Property 'akismet_status' does not exist on type 'object'.
client/my-sites/plans/current-plan/jetpack-product-install/index.tsx(294,40): error TS2339: Property 'vaultpress_status' does not exist on type 'object'.
client/my-sites/plans/current-plan/jetpack-product-install/index.tsx(346,27): error TS7006: Parameter 'state' implicitly has an 'any' type.
client/my-sites/plans/current-plan/jetpack-product-install/index.tsx(353,31): error TS2339: Property 'install' does not exist on type 'object'.
client/my-sites/plans/current-plan/jetpack-product-install/index.tsx(354,17): error TS2339: Property 'install' does not exist on type 'object'.
client/my-sites/plans/current-plan/jetpack-product-install/index.tsx(355,19): error TS2339: Property 'install' does not exist on type 'object'.
client/my-sites/plans/current-plan/jetpack-product-install/index.tsx(362,36): error TS2345: Argument of type 'number | null' is not assignable to parameter of type 'number'.
  Type 'null' is not assignable to type 'number'.
client/my-sites/plans/current-plan/jetpack-product-install/index.tsx(367,62): error TS2345: Argument of type 'number | null' is not assignable to parameter of type 'number'.
  Type 'null' is not assignable to type 'number'.
client/my-sites/plans/current-plan/jetpack-product-install/index.tsx(369,50): error TS2345: Argument of type 'number | null' is not assignable to parameter of type 'number'.
  Type 'null' is not assignable to type 'number'.
client/my-sites/plans/jetpack-plans/build-card-features-from-item.ts(47,8): error TS2339: Property 'map' does not exist on type 'string'.
client/my-sites/plans/jetpack-plans/build-card-features-from-item.ts(47,15): error TS7006: Parameter 'f' implicitly has an 'any' type.
client/my-sites/plans/jetpack-plans/build-card-features-from-item.ts(68,2): error TS2322: Type '(SelectorProductFeaturesItem | undefined)[]' is not assignable to type 'SelectorProductFeaturesItem[]'.
  Type 'SelectorProductFeaturesItem | undefined' is not assignable to type 'SelectorProductFeaturesItem'.
    Type 'undefined' is not assignable to type 'SelectorProductFeaturesItem'.
client/my-sites/plans/jetpack-plans/build-card-features-from-item.ts(86,21): error TS2345: Argument of type 'Record<string, unknown> | Plan | Product' is not assignable to parameter of type 'Record<string, unknown> | Plan'.
  Type 'Product' is not assignable to type 'Record<string, unknown> | Plan'.
    Type 'Product' is not assignable to type 'Record<string, unknown>'.
      Index signature for type 'string' is missing in type 'Product'.
client/my-sites/plans/jetpack-plans/build-card-features-from-item.ts(87,25): error TS2339: Property 'getPlanCardFeatures' does not exist on type 'Plan'.
client/my-sites/plans/jetpack-plans/build-card-features-from-item.ts(93,47): error TS2345: Argument of type 'Function' is not assignable to parameter of type 'Partial<{ "only-realtime-products": unknown; }> | IterationValueFunction<unknown> | undefined'.
  Type 'Function' is not assignable to type 'IterationValueFunction<unknown>'.
    Type 'Function' provides no match for the signature '(key: Iterations | null): unknown'.
client/my-sites/plans/jetpack-plans/build-card-features-from-item.ts(96,45): error TS2345: Argument of type 'unknown' is not assignable to parameter of type 'string[]'.
client/my-sites/plans/jetpack-plans/build-card-features-from-item.ts(100,43): error TS2345: Argument of type 'Record<string, unknown> | Plan | Product' is not assignable to parameter of type 'string[]'.
  Type 'Record<string, unknown>' is missing the following properties from type 'string[]': length, pop, push, concat, and 28 more.
client/my-sites/plans/jetpack-plans/constants.ts(73,4): error TS2345: Argument of type 'string[]' is not assignable to parameter of type 'Record<string, unknown> | Plan | Product'.
  Type 'string[]' is not assignable to type 'Record<string, unknown>'.
    Index signature for type 'string' is missing in type 'string[]'.
client/my-sites/plans/jetpack-plans/constants.ts(120,4): error TS2345: Argument of type 'string[]' is not assignable to parameter of type 'Record<string, unknown> | Plan | Product'.
  Type 'string[]' is not assignable to type 'Record<string, unknown>'.
client/my-sites/plans/jetpack-plans/jetpack-crm-free-card/index.tsx(50,4): error TS2322: Type 'string | number | boolean | {} | ReactElement<any, string | JSXElementConstructor<any>> | ReactNodeArray | ReactPortal | null | undefined' is not assignable to type 'TranslateResult'.
  Type 'undefined' is not assignable to type 'TranslateResult'.
client/my-sites/plans/jetpack-plans/jetpack-crm-free-card/index.tsx(51,61): error TS2339: Property 'text' does not exist on type 'SelectorProductFeaturesItem | SelectorProductFeaturesSection'.
  Property 'text' does not exist on type 'SelectorProductFeaturesSection'.
client/my-sites/plans/jetpack-plans/jetpack-crm-free-card/index.tsx(52,4): error TS2322: Type 'TranslateResult | undefined' is not assignable to type 'TranslateResult'.
  Type 'undefined' is not assignable to type 'TranslateResult'.
client/my-sites/plans/jetpack-plans/plan-upgrade/index.tsx(50,27): error TS2769: No overload matches this call.
  Overload 1 of 3, '(callbackfn: (previousValue: SelectorProduct, currentValue: SelectorProduct, currentIndex: number, array: SelectorProduct[]) => SelectorProduct, initialValue: SelectorProduct): SelectorProduct', gave the following error.
    Argument of type '(result: never[], { displayName }: SelectorProduct, index: number) => TranslateResult[]' is not assignable to parameter of type '(previousValue: SelectorProduct, currentValue: SelectorProduct, currentIndex: number, array: SelectorProduct[]) => SelectorProduct'.
      Types of parameters 'result' and 'previousValue' are incompatible.
        Type 'SelectorProduct' is missing the following properties from type 'never[]': length, pop, push, concat, and 28 more.
  Overload 2 of 3, '(callbackfn: (previousValue: never[], currentValue: SelectorProduct, currentIndex: number, array: SelectorProduct[]) => never[], initialValue: never[]): never[]', gave the following error.
    Argument of type '(result: never[], { displayName }: SelectorProduct, index: number) => TranslateResult[]' is not assignable to parameter of type '(previousValue: never[], currentValue: SelectorProduct, currentIndex: number, array: SelectorProduct[]) => never[]'.
      Type 'TranslateResult[]' is not assignable to type 'never[]'.
        Type 'TranslateResult' is not assignable to type 'never'.
          Type 'string' is not assignable to type 'never'.
client/my-sites/plans/jetpack-plans/plan-upgrade/index.tsx(83,7): error TS2741: Property 'scrollCardIntoView' is missing in type '{ item: SelectorProduct; siteId: number | null; currencyCode: string | null; selectedTerm: Duration; hideSavingLabel: true; onClick: PurchaseCallback; createButtonURL: PurchaseURLCallback; }' but required in type 'ProductCardProps'.
client/my-sites/plans/jetpack-plans/plan-upgrade/index.tsx(100,10): error TS2741: Property 'scrollCardIntoView' is missing in type '{ item: SelectorProduct; siteId: number | null; currencyCode: string | null; selectedTerm: Duration; featuredPlans: ("jetpack_search" | "jetpack_videopress" | ... 27 more ... | "jetpack_complete_monthly")[]; ... 4 more ...; createButtonURL: PurchaseURLCallback; }' but required in type 'ProductCardProps'.
client/my-sites/plans/jetpack-plans/plans-filter-bar/index.tsx(7,37): error TS2307: Cannot find module '@automattic/viewport-react' or its corresponding type declarations.
client/my-sites/plans/jetpack-plans/plans-filter-bar/index.tsx(101,57): error TS2322: Type 'RefObject<HTMLDivElement | undefined>' is not assignable to type 'LegacyRef<HTMLDivElement> | undefined'.
  Type 'RefObject<HTMLDivElement | undefined>' is not assignable to type 'RefObject<HTMLDivElement>'.
    Type 'HTMLDivElement | undefined' is not assignable to type 'HTMLDivElement'.
      Type 'undefined' is not assignable to type 'HTMLDivElement'.
client/my-sites/plans/jetpack-plans/plans-header.tsx(32,4): error TS2741: Property 'hasScreenOptions' is missing in type '{ headerText: TranslateResult; align: string; brandFont: true; }' but required in type 'Pick<Pick<{ brandFont: any; id: any; headerText: any; subHeaderText: any; className: any; compactOnMobile: any; align: any; isSecondary: any; hasScreenOptions: any; }, never> & Pick<InferProps<{ id: Requireable<string>; ... 6 more ...; align: Requireable<...>; }>, "id" | ... 6 more ... | "compactOnMobile"> & Pick<.....'.
client/my-sites/plans/jetpack-plans/plans-header.tsx(53,5): error TS2741: Property 'hasScreenOptions' is missing in type '{ headerText: TranslateResult; subHeaderText: TranslateResult; align: string; brandFont: true; }' but required in type 'Pick<Pick<{ brandFont: any; id: any; headerText: any; subHeaderText: any; className: any; compactOnMobile: any; align: any; isSecondary: any; hasScreenOptions: any; }, never> & Pick<InferProps<{ id: Requireable<string>; ... 6 more ...; align: Requireable<...>; }>, "id" | ... 6 more ... | "compactOnMobile"> & Pick<.....'.
client/my-sites/plans/jetpack-plans/plans-header.tsx(73,64): error TS2345: Argument of type 'string' is not assignable to parameter of type '"jetpack_search" | "jetpack_videopress" | "jetpack_backup_daily" | "jetpack_backup_realtime" | "jetpack_backup_t1_yearly" | "jetpack_backup_t2_yearly" | "jetpack_backup_daily_monthly" | ... 12 more ... | "jetpack_videopress_monthly"'.
client/my-sites/plans/jetpack-plans/product-card/index.tsx(121,79): error TS2345: Argument of type 'string' is not assignable to parameter of type '"jetpack_backup_daily" | "jetpack_backup_realtime" | "jetpack_backup_t1_yearly" | "jetpack_backup_t2_yearly" | "jetpack_backup_daily_monthly" | "jetpack_backup_realtime_monthly" | ... 5 more ... | "jetpack_scan_realtime_monthly"'.
client/my-sites/plans/jetpack-plans/product-card/product-above-button-text.ts(15,37): error TS2345: Argument of type 'string' is not assignable to parameter of type '"jetpack_search" | "jetpack_search_monthly" | "wpcom_search" | "wpcom_search_monthly"'.
client/my-sites/plans/jetpack-plans/product-card/product-tooltip.ts(18,43): error TS2345: Argument of type 'string' is not assignable to parameter of type '"jetpack_search" | "jetpack_search_monthly" | "wpcom_search" | "wpcom_search_monthly"'.
client/my-sites/plans/jetpack-plans/product-grid/index.tsx(114,15): error TS2769: No overload matches this call.
  Overload 1 of 4, '(options: DeprecatedTranslateOptions): TranslateResult', gave the following error.
    Argument of type 'string | number | true | {} | ReactElement<any, string | JSXElementConstructor<any>> | ReactNodeArray | ReactPortal' is not assignable to parameter of type 'DeprecatedTranslateOptions'.
      Type 'string' is not assignable to type 'DeprecatedTranslateOptions'.
  Overload 2 of 4, '(original: string): TranslateResult', gave the following error.
    Argument of type 'string | number | true | {} | ReactElement<any, string | JSXElementConstructor<any>> | ReactNodeArray | ReactPortal' is not assignable to parameter of type 'string'.
      Type 'number' is not assignable to type 'string'.
client/my-sites/plans/jetpack-plans/product-grid/index.tsx(117,53): error TS2339: Property 'text' does not exist on type 'SelectorProductFeaturesItem | SelectorProductFeaturesSection'.
  Property 'text' does not exist on type 'SelectorProductFeaturesSection'.
client/my-sites/plans/jetpack-plans/product-grid/index.tsx(119,56): error TS2339: Property 'text' does not exist on type 'SelectorProductFeaturesItem | SelectorProductFeaturesSection'.
  Property 'text' does not exist on type 'SelectorProductFeaturesSection'.
client/my-sites/plans/jetpack-plans/product-grid/index.tsx(175,6): error TS2741: Property 'createButtonURL' is missing in type '{ planRecommendation: PlanRecommendation; duration: Duration; filterBar: Element; onSelectProduct: PurchaseCallback; }' but required in type 'Props'.
client/my-sites/plans/jetpack-plans/product-grid/products-order.ts(41,28): error TS2345: Argument of type 'readonly ["jetpack_complete", "jetpack_complete_monthly"]' is not assignable to parameter of type 'string[]'.
  The type 'readonly ["jetpack_complete", "jetpack_complete_monthly"]' is 'readonly' and cannot be assigned to the mutable type 'string[]'.
client/my-sites/plans/jetpack-plans/product-grid/products-order.ts(42,28): error TS2345: Argument of type 'readonly ["jetpack_scan", "jetpack_scan_monthly", "jetpack_scan_realtime", "jetpack_scan_realtime_monthly"]' is not assignable to parameter of type 'string[]'.
  The type 'readonly ["jetpack_scan", "jetpack_scan_monthly", "jetpack_scan_realtime", "jetpack_scan_realtime_monthly"]' is 'readonly' and cannot be assigned to the mutable type 'string[]'.
client/my-sites/plans/jetpack-plans/product-grid/products-order.ts(43,28): error TS2345: Argument of type 'readonly ["jetpack_anti_spam", "jetpack_anti_spam_monthly"]' is not assignable to parameter of type 'string[]'.
  The type 'readonly ["jetpack_anti_spam", "jetpack_anti_spam_monthly"]' is 'readonly' and cannot be assigned to the mutable type 'string[]'.
client/my-sites/plans/jetpack-plans/product-grid/products-order.ts(44,28): error TS2345: Argument of type 'readonly ["jetpack_search", "jetpack_search_monthly", "wpcom_search", "wpcom_search_monthly"]' is not assignable to parameter of type 'string[]'.
  The type 'readonly ["jetpack_search", "jetpack_search_monthly", "wpcom_search", "wpcom_search_monthly"]' is 'readonly' and cannot be assigned to the mutable type 'string[]'.
client/my-sites/plans/jetpack-plans/product-grid/products-order.ts(52,28): error TS2345: Argument of type 'readonly ["jetpack_complete", "jetpack_complete_monthly"]' is not assignable to parameter of type 'string[]'.
  The type 'readonly ["jetpack_complete", "jetpack_complete_monthly"]' is 'readonly' and cannot be assigned to the mutable type 'string[]'.
client/my-sites/plans/jetpack-plans/product-grid/products-order.ts(57,28): error TS2345: Argument of type 'readonly ["jetpack_scan", "jetpack_scan_monthly", "jetpack_scan_realtime", "jetpack_scan_realtime_monthly"]' is not assignable to parameter of type 'string[]'.
  The type 'readonly ["jetpack_scan", "jetpack_scan_monthly", "jetpack_scan_realtime", "jetpack_scan_realtime_monthly"]' is 'readonly' and cannot be assigned to the mutable type 'string[]'.
client/my-sites/plans/jetpack-plans/product-grid/products-order.ts(58,28): error TS2345: Argument of type 'readonly ["jetpack_anti_spam", "jetpack_anti_spam_monthly"]' is not assignable to parameter of type 'string[]'.
  The type 'readonly ["jetpack_anti_spam", "jetpack_anti_spam_monthly"]' is 'readonly' and cannot be assigned to the mutable type 'string[]'.
client/my-sites/plans/jetpack-plans/product-grid/products-order.ts(59,28): error TS2345: Argument of type 'readonly ["jetpack_search", "jetpack_search_monthly", "wpcom_search", "wpcom_search_monthly"]' is not assignable to parameter of type 'string[]'.
  The type 'readonly ["jetpack_search", "jetpack_search_monthly", "wpcom_search", "wpcom_search_monthly"]' is 'readonly' and cannot be assigned to the mutable type 'string[]'.
client/my-sites/plans/jetpack-plans/product-grid/utils.ts(59,56): error TS2345: Argument of type 'string' is not assignable to parameter of type '"jetpack_security_daily" | "jetpack_security_daily_monthly" | "jetpack_security_realtime" | "jetpack_security_realtime_monthly" | "jetpack_security_t1_yearly" | "jetpack_security_t1_monthly" | "jetpack_security_t2_yearly" | "jetpack_security_t2_monthly" | "jetpack_complete" | "jetpack_complete_monthly"'.
client/my-sites/plans/jetpack-plans/slug-to-selector-product.ts(41,71): error TS2345: Argument of type 'string' is not assignable to parameter of type '"jetpack_security_daily" | "jetpack_security_daily_monthly" | "jetpack_security_realtime" | "jetpack_security_realtime_monthly" | "jetpack_security_t1_yearly" | "jetpack_security_t1_monthly" | ... 9 more ... | "jetpack_premium_monthly"'.
client/my-sites/plans/jetpack-plans/slug-to-selector-product.ts(60,37): error TS2345: Argument of type '(variation: Iterations) => SelectorProduct' is not assignable to parameter of type 'Partial<{ "only-realtime-products": SelectorProduct; }> | IterationValueFunction<SelectorProduct> | undefined'.
  Type '(variation: Iterations) => SelectorProduct' is not assignable to type 'IterationValueFunction<SelectorProduct>'.
    Types of parameters 'variation' and 'key' are incompatible.
      Type 'Iterations | null' is not assignable to type 'Iterations'.
        Type 'null' is not assignable to type 'Iterations'.
client/my-sites/plans/jetpack-plans/slug-to-selector-product.ts(64,10): error TS7053: Element implicitly has an 'any' type because expression of type '"jetpack_search" | "jetpack_videopress" | "jetpack_backup_daily" | "jetpack_backup_realtime" | "jetpack_backup_t1_yearly" | "jetpack_backup_t2_yearly" | "jetpack_backup_daily_monthly" | ... 12 more ... | "jetpack_videopress_monthly"' can't be used to index type 'Record<"jetpack_search" | "jetpack_videopress" | "jetpack_backup_daily" | "jetpack_backup_realtime" | "jetpack_backup_t1_yearly" | "jetpack_backup_t2_yearly" | "jetpack_backup_daily_monthly" | ... 10 more ... | "jetpack_videopress_monthly", Product>'.
  Property 'wpcom_search' does not exist on type 'Record<"jetpack_search" | "jetpack_videopress" | "jetpack_backup_daily" | "jetpack_backup_realtime" | "jetpack_backup_t1_yearly" | "jetpack_backup_t2_yearly" | "jetpack_backup_daily_monthly" | ... 10 more ... | "jetpack_videopress_monthly", Product>'.
client/my-sites/plans/jetpack-plans/slug-to-selector-product.ts(80,32): error TS2345: Argument of type 'Record<string, unknown> | Plan | Product | SelectorProduct' is not assignable to parameter of type 'Record<string, unknown> | SelectorProduct'.
  Type 'Plan' is not assignable to type 'Record<string, unknown> | SelectorProduct'.
    Type 'Plan' is not assignable to type 'Record<string, unknown>'.
      Index signature for type 'string' is missing in type 'Plan'.
client/my-sites/plans/jetpack-plans/slug-to-selector-product.ts(110,4): error TS2322: Type '"TERM_ANNUALLY" | "TERM_BIENNIALLY" | "TERM_MONTHLY"' is not assignable to type 'Duration'.
  Type '"TERM_BIENNIALLY"' is not assignable to type 'Duration'.
client/my-sites/plans/jetpack-plans/slug-to-selector-product.ts(111,49): error TS2345: Argument of type 'ProductSlug' is not assignable to parameter of type '"jetpack_search" | "jetpack_search_monthly" | "wpcom_search" | "wpcom_search_monthly"'.
  Type '"jetpack_videopress"' is not assignable to type '"jetpack_search" | "jetpack_search_monthly" | "wpcom_search" | "wpcom_search_monthly"'.
client/my-sites/plans/jetpack-plans/slug-to-selector-product.ts(114,33): error TS2345: Argument of type '(variation: Iterations) => SelectorProductFeaturesItem[] | SelectorProductFeaturesSection[]' is not assignable to parameter of type 'Partial<{ "only-realtime-products": SelectorProductFeaturesItem[] | SelectorProductFeaturesSection[]; }> | IterationValueFunction<...> | undefined'.
  Type '(variation: Iterations) => SelectorProductFeaturesItem[] | SelectorProductFeaturesSection[]' is not assignable to type 'IterationValueFunction<SelectorProductFeaturesItem[] | SelectorProductFeaturesSection[]>'.
    Types of parameters 'variation' and 'key' are incompatible.
      Type 'Iterations | null' is not assignable to type 'Iterations'.
        Type 'null' is not assignable to type 'Iterations'.
client/my-sites/plans/jetpack-plans/slug-to-selector-product.ts(135,53): error TS2345: Argument of type 'PlanSlug' is not assignable to parameter of type '"jetpack_security_daily" | "jetpack_security_daily_monthly" | "jetpack_security_realtime" | "jetpack_security_realtime_monthly" | "jetpack_security_t1_yearly" | "jetpack_security_t1_monthly" | "jetpack_security_t2_yearly" | "jetpack_security_t2_monthly" | "jetpack_complete" | "jetpack_complete_monthly"'.
  Type '"jetpack_free"' is not assignable to type '"jetpack_security_daily" | "jetpack_security_daily_monthly" | "jetpack_security_realtime" | "jetpack_security_realtime_monthly" | "jetpack_security_t1_yearly" | "jetpack_security_t1_monthly" | "jetpack_security_t2_yearly" | "jetpack_security_t2_monthly" | "jetpack_complete" | "jetpack_complete_monthly"'.
client/my-sites/plans/jetpack-plans/slug-to-selector-product.ts(141,4): error TS2322: Type 'string | {} | ReactNodeArray | undefined' is not assignable to type 'TranslateResult'.
  Type 'undefined' is not assignable to type 'TranslateResult'.
client/my-sites/plans/jetpack-plans/slug-to-selector-product.ts(143,4): error TS2322: Type 'string | {} | ReactNodeArray | undefined' is not assignable to type 'TranslateResult'.
client/my-sites/plans/jetpack-plans/slug-to-selector-product.ts(150,33): error TS2345: Argument of type '(variation: Iterations) => SelectorProductFeaturesItem[] | SelectorProductFeaturesSection[]' is not assignable to parameter of type 'Partial<{ "only-realtime-products": SelectorProductFeaturesItem[] | SelectorProductFeaturesSection[]; }> | IterationValueFunction<...> | undefined'.
  Type '(variation: Iterations) => SelectorProductFeaturesItem[] | SelectorProductFeaturesSection[]' is not assignable to type 'IterationValueFunction<SelectorProductFeaturesItem[] | SelectorProductFeaturesSection[]>'.
    Types of parameters 'variation' and 'key' are incompatible.
      Type 'Iterations | null' is not assignable to type 'Iterations'.
        Type 'null' is not assignable to type 'Iterations'.
client/my-sites/plans/jetpack-plans/storage-pricing-header/index.tsx(13,6): error TS2741: Property 'hasScreenOptions' is missing in type '{ className: string; headerText: string; }' but required in type 'Pick<Pick<{ brandFont: any; id: any; headerText: any; subHeaderText: any; className: any; compactOnMobile: any; align: any; isSecondary: any; hasScreenOptions: any; }, never> & Pick<InferProps<{ id: Requireable<string>; ... 6 more ...; align: Requireable<...>; }>, "id" | ... 6 more ... | "compactOnMobile"> & Pick<.....'.
client/my-sites/plans/jetpack-plans/use-get-plans-grid-products.ts(42,64): error TS2345: Argument of type 'string' is not assignable to parameter of type '"jetpack_search" | "jetpack_videopress" | "jetpack_backup_daily" | "jetpack_backup_realtime" | "jetpack_backup_t1_yearly" | "jetpack_backup_t2_yearly" | "jetpack_backup_daily_monthly" | ... 12 more ... | "jetpack_videopress_monthly"'.
client/my-sites/plans/jetpack-plans/use-get-plans-grid-products.ts(49,79): error TS2345: Argument of type 'string' is not assignable to parameter of type '"jetpack_search" | "jetpack_search_monthly" | "wpcom_search" | "wpcom_search_monthly"'.
client/my-sites/plans/jetpack-plans/use-get-plans-grid-products.ts(106,77): error TS2345: Argument of type 'string' is not assignable to parameter of type '"jetpack_scan" | "jetpack_scan_monthly" | "jetpack_scan_realtime" | "jetpack_scan_realtime_monthly"'.
client/my-sites/plans/jetpack-plans/use-get-plans-grid-products.ts(116,82): error TS2345: Argument of type 'string' is not assignable to parameter of type '"jetpack_anti_spam" | "jetpack_anti_spam_monthly"'.
client/my-sites/plans/jetpack-plans/use-get-plans-grid-products.ts(123,83): error TS2345: Argument of type 'string' is not assignable to parameter of type '"jetpack_videopress" | "jetpack_videopress_monthly"'.
client/my-sites/purchases/billing-history/index.tsx(71,5): error TS2741: Property 'hasScreenOptions' is missing in type '{ brandFont: true; className: string; headerText: TranslateResult; subHeaderText: TranslateResult; align: string; }' but required in type 'Pick<Pick<{ brandFont: any; id: any; headerText: any; subHeaderText: any; className: any; compactOnMobile: any; align: any; isSecondary: any; hasScreenOptions: any; }, never> & Pick<InferProps<{ id: Requireable<string>; ... 6 more ...; align: Requireable<...>; }>, "id" | ... 6 more ... | "compactOnMobile"> & Pick<.....'.
client/my-sites/purchases/billing-history/index.tsx(135,29): error TS2322: Type 'number' is not assignable to type 'string'.
client/my-sites/purchases/billing-history/index.tsx(136,5): error TS2741: Property 'hasScreenOptions' is missing in type '{ brandFont: true; className: string; headerText: TranslateResult; align: string; }' but required in type 'Pick<Pick<{ brandFont: any; id: any; headerText: any; subHeaderText: any; className: any; compactOnMobile: any; align: any; isSecondary: any; hasScreenOptions: any; }, never> & Pick<InferProps<{ id: Requireable<string>; ... 6 more ...; align: Requireable<...>; }>, "id" | ... 6 more ... | "compactOnMobile"> & Pick<.....'.
client/my-sites/purchases/main.tsx(61,5): error TS2741: Property 'hasScreenOptions' is missing in type '{ brandFont: true; className: string; headerText: TranslateResult; subHeaderText: TranslateResult; align: string; }' but required in type 'Pick<Pick<{ brandFont: any; id: any; headerText: any; subHeaderText: any; className: any; compactOnMobile: any; align: any; isSecondary: any; hasScreenOptions: any; }, never> & Pick<InferProps<{ id: Requireable<string>; ... 6 more ...; align: Requireable<...>; }>, "id" | ... 6 more ... | "compactOnMobile"> & Pick<.....'.
client/my-sites/purchases/main.tsx(100,5): error TS2741: Property 'hasScreenOptions' is missing in type '{ brandFont: true; className: string; headerText: TranslateResult; align: string; }' but required in type 'Pick<Pick<{ brandFont: any; id: any; headerText: any; subHeaderText: any; className: any; compactOnMobile: any; align: any; isSecondary: any; hasScreenOptions: any; }, never> & Pick<InferProps<{ id: Requireable<string>; ... 6 more ...; align: Requireable<...>; }>, "id" | ... 6 more ... | "compactOnMobile"> & Pick<.....'.
client/my-sites/purchases/main.tsx(145,5): error TS2741: Property 'hasScreenOptions' is missing in type '{ brandFont: true; className: string; headerText: TranslateResult; align: string; }' but required in type 'Pick<Pick<{ brandFont: any; id: any; headerText: any; subHeaderText: any; className: any; compactOnMobile: any; align: any; isSecondary: any; hasScreenOptions: any; }, never> & Pick<InferProps<{ id: Requireable<string>; ... 6 more ...; align: Requireable<...>; }>, "id" | ... 6 more ... | "compactOnMobile"> & Pick<.....'.
client/my-sites/purchases/main.tsx(185,5): error TS2741: Property 'hasScreenOptions' is missing in type '{ brandFont: true; className: string; headerText: TranslateResult; align: string; }' but required in type 'Pick<Pick<{ brandFont: any; id: any; headerText: any; subHeaderText: any; className: any; compactOnMobile: any; align: any; isSecondary: any; hasScreenOptions: any; }, never> & Pick<InferProps<{ id: Requireable<string>; ... 6 more ...; align: Requireable<...>; }>, "id" | ... 6 more ... | "compactOnMobile"> & Pick<.....'.
client/my-sites/purchases/main.tsx(222,5): error TS2741: Property 'hasScreenOptions' is missing in type '{ brandFont: true; className: string; headerText: TranslateResult; align: string; }' but required in type 'Pick<Pick<{ brandFont: any; id: any; headerText: any; subHeaderText: any; className: any; compactOnMobile: any; align: any; isSecondary: any; hasScreenOptions: any; }, never> & Pick<InferProps<{ id: Requireable<string>; ... 6 more ...; align: Requireable<...>; }>, "id" | ... 6 more ... | "compactOnMobile"> & Pick<.....'.
client/my-sites/purchases/navigation.tsx(46,19): error TS7006: Parameter 'term' implicitly has an 'any' type.
client/my-sites/purchases/payment-methods/index.tsx(66,5): error TS2741: Property 'hasScreenOptions' is missing in type '{ brandFont: true; className: string; headerText: TranslateResult; subHeaderText: TranslateResult; align: string; }' but required in type 'Pick<Pick<{ brandFont: any; id: any; headerText: any; subHeaderText: any; className: any; compactOnMobile: any; align: any; isSecondary: any; hasScreenOptions: any; }, never> & Pick<InferProps<{ id: Requireable<string>; ... 6 more ...; align: Requireable<...>; }>, "id" | ... 6 more ... | "compactOnMobile"> & Pick<.....'.
client/my-sites/purchases/payment-methods/index.tsx(109,3): error TS2322: Type 'TranslateResult' is not assignable to type 'string | undefined'.
client/my-sites/purchases/payment-methods/index.tsx(128,62): error TS2322: Type 'TranslateResult' is not assignable to type 'string'.
  Type '{}' is not assignable to type 'string'.
client/my-sites/purchases/payment-methods/index.tsx(130,5): error TS2741: Property 'hasScreenOptions' is missing in type '{ brandFont: true; className: string; headerText: TranslateResult; align: string; }' but required in type 'Pick<Pick<{ brandFont: any; id: any; headerText: any; subHeaderText: any; className: any; compactOnMobile: any; align: any; isSecondary: any; hasScreenOptions: any; }, never> & Pick<InferProps<{ id: Requireable<string>; ... 6 more ...; align: Requireable<...>; }>, "id" | ... 6 more ... | "compactOnMobile"> & Pick<.....'.
client/my-sites/scan/history/index.tsx(32,6): error TS2741: Property 'hasScreenOptions' is missing in type '{ headerText: string; align: string; brandFont: true; }' but required in type 'Pick<Pick<{ brandFont: any; id: any; headerText: any; subHeaderText: any; className: any; compactOnMobile: any; align: any; isSecondary: any; hasScreenOptions: any; }, never> & Pick<InferProps<{ id: Requireable<string>; ... 6 more ...; align: Requireable<...>; }>, "id" | ... 6 more ... | "compactOnMobile"> & Pick<.....'.
client/my-sites/scan/history/index.tsx(42,24): error TS2322: Type 'string' is not assignable to type 'FilterValue'.
client/my-sites/scan/main.tsx(288,7): error TS2741: Property 'hasScreenOptions' is missing in type '{ headerText: string; align: string; brandFont: true; }' but required in type 'Pick<Pick<{ brandFont: any; id: any; headerText: any; subHeaderText: any; className: any; compactOnMobile: any; align: any; isSecondary: any; hasScreenOptions: any; }, never> & Pick<InferProps<{ id: Requireable<string>; ... 6 more ...; align: Requireable<...>; }>, "id" | ... 6 more ... | "compactOnMobile"> & Pick<.....'.
client/my-sites/scan/main.tsx(334,57): error TS2345: Argument of type 'typeof ScanPage' is not assignable to parameter of type 'ComponentType<unknown>'.
  Type 'typeof ScanPage' is not assignable to type 'ComponentClass<unknown, any>'.
    Types of parameters 'props' and 'props' are incompatible.
      Type 'unknown' is not assignable to type 'Props | Readonly<Props>'.
        Type 'unknown' is not assignable to type 'Readonly<Props>'.
client/my-sites/scan/navigation/index.tsx(24,23): error TS7053: Element implicitly has an 'any' type because expression of type 'string' can't be used to index type '{ scanner: TranslateResult; history: TranslateResult; }'.
  No index signature with a parameter of type 'string' was found on type '{ scanner: TranslateResult; history: TranslateResult; }'.
client/my-sites/scan/wpcom-scan-upsell.tsx(27,4): error TS2741: Property 'icon' is missing in type '{ children: Element; title: string; image: Element; isPrimary: true; }' but required in type 'Props'.
client/my-sites/scan/wpcom-scan-upsell.tsx(47,4): error TS2741: Property 'icon' is missing in type '{ children: Element[]; title: string; image: { path: string; }; isPrimary: true; }' but required in type 'Props'.
client/my-sites/scan/wpcom-scan-upsell.tsx(64,6): error TS2322: Type '{ children: TranslateResult; className: string; href: string; onClick: (...rest: any[]) => void; selfTarget: boolean; primary: true; }' is not assignable to type 'IntrinsicAttributes & ((AnchorProps | ButtonProps) & RefAttributes<HTMLButtonElement | HTMLAnchorElement>)'.
  Property 'selfTarget' does not exist on type 'IntrinsicAttributes & ((AnchorProps | ButtonProps) & RefAttributes<HTMLButtonElement | HTMLAnchorElement>)'.
client/my-sites/scan/wpcom-scan-upsell.tsx(85,4): error TS2741: Property 'icon' is missing in type '{ children: (false | 0 | Element | null)[]; title: TranslateResult; image: { path: string; }; isPrimary: true; }' but required in type 'Props'.
client/my-sites/scan/wpcom-scan-upsell.tsx(145,5): error TS2741: Property 'hasScreenOptions' is missing in type '{ headerText: TranslateResult; id: string; align: string; brandFont: true; }' but required in type 'Pick<Pick<{ brandFont: any; id: any; headerText: any; subHeaderText: any; className: any; compactOnMobile: any; align: any; isSecondary: any; hasScreenOptions: any; }, never> & Pick<InferProps<{ id: Requireable<string>; ... 6 more ...; align: Requireable<...>; }>, "id" | ... 6 more ... | "compactOnMobile"> & Pick<.....'.
client/my-sites/scan/wpcom-upsell.tsx(45,10): error TS2339: Property 'product_slug' does not exist on type 'SitePlan | null'.
client/my-sites/scan/wpcom-upsell.tsx(48,8): error TS2322: Type '{ promos: { title: i18nCalypso.TranslateResult; body: i18nCalypso.TranslateResult; image: JSX.Element; }[]; }' is not assignable to type 'Props'.
  Types of property 'promos' are incompatible.
    Type '{ title: TranslateResult; body: TranslateResult; image: Element; }[]' is not assignable to type 'PromoSectionCardProps[]'.
      Property 'icon' is missing in type '{ title: i18nCalypso.TranslateResult; body: i18nCalypso.TranslateResult; image: JSX.Element; }' but required in type 'PromoSectionCardProps'.
client/my-sites/scan/wpcom-upsell.tsx(61,5): error TS2741: Property 'hasScreenOptions' is missing in type '{ headerText: TranslateResult; id: string; align: string; brandFont: true; }' but required in type 'Pick<Pick<{ brandFont: any; id: any; headerText: any; subHeaderText: any; className: any; compactOnMobile: any; align: any; isSecondary: any; hasScreenOptions: any; }, never> & Pick<InferProps<{ id: Requireable<string>; ... 6 more ...; align: Requireable<...>; }>, "id" | ... 6 more ... | "compactOnMobile"> & Pick<.....'.
client/my-sites/scan/wpcom-upsell.tsx(68,5): error TS2741: Property 'icon' is missing in type '{ children: Element[]; title: TranslateResult; image: { path: string; }; isPrimary: true; }' but required in type 'Props'.
client/my-sites/site-settings/jetpack-credentials-banner/index.tsx(20,25): error TS2554: Expected 1 arguments, but got 2.
client/my-sites/site-settings/podcasting-details/private-site.tsx(57,6): error TS2345: Argument of type 'LocalizedComponent<FC<Props>>' is not assignable to parameter of type 'ComponentType<Matching<{ siteSlug: string | null; } & DispatchProp<AnyAction>, ClassAttributes<Component<WithoutLocalizedProps<Props>, any, any>> & WithoutLocalizedProps<...>>>'.
  Type 'ComponentClass<WithoutLocalizedProps<Props>, any>' is not assignable to type 'ComponentClass<Matching<{ siteSlug: string | null; } & DispatchProp<AnyAction>, ClassAttributes<Component<WithoutLocalizedProps<Props>, any, any>> & WithoutLocalizedProps<...>>, any>'.
    Types of property 'getDerivedStateFromProps' are incompatible.
      Type 'GetDerivedStateFromProps<WithoutLocalizedProps<Props>, any> | undefined' is not assignable to type 'GetDerivedStateFromProps<Matching<{ siteSlug: string | null; } & DispatchProp<AnyAction>, ClassAttributes<Component<WithoutLocalizedProps<Props>, any, any>> & WithoutLocalizedProps<...>>, any> | undefined'.
        Type 'GetDerivedStateFromProps<WithoutLocalizedProps<Props>, any>' is not assignable to type 'GetDerivedStateFromProps<Matching<{ siteSlug: string | null; } & DispatchProp<AnyAction>, ClassAttributes<Component<WithoutLocalizedProps<Props>, any, any>> & WithoutLocalizedProps<...>>, any>'.
          Types of parameters 'nextProps' and 'nextProps' are incompatible.
            Type 'Readonly<Matching<{ siteSlug: string | null; } & DispatchProp<AnyAction>, ClassAttributes<Component<WithoutLocalizedProps<Props>, any, any>> & WithoutLocalizedProps<...>>>' is not assignable to type 'Readonly<WithoutLocalizedProps<Props>>'.
              Types of property 'siteSlug' are incompatible.
                Type 'string | null' is not assignable to type 'string'.
                  Type 'null' is not assignable to type 'string'.
client/reader/list-manage/feed-item.tsx(80,27): error TS2345: Argument of type '{ feedId: number | null; listId: number; }' is not assignable to parameter of type '{ feedUrl: any; feedId: any; listId: any; siteId: any; tagId: any; }'.
  Type '{ feedId: number | null; listId: number; }' is missing the following properties from type '{ feedUrl: any; feedId: any; listId: any; siteId: any; tagId: any; }': feedUrl, siteId, tagId
client/reader/list-manage/site-item.tsx(77,27): error TS2345: Argument of type '{ siteId: number | null; listId: number; }' is not assignable to parameter of type '{ feedUrl: any; feedId: any; listId: any; siteId: any; tagId: any; }'.
  Type '{ siteId: number | null; listId: number; }' is missing the following properties from type '{ feedUrl: any; feedId: any; listId: any; siteId: any; tagId: any; }': feedUrl, feedId, tagId
client/reader/list-manage/site-item.tsx(120,24): error TS2322: Type 'Site | SiteError' is not assignable to type 'Site'.
  Type 'SiteError' is missing the following properties from type 'Site': ID, URL, description, feed_ID, and 6 more.
client/reader/list-manage/tag-item.tsx(30,27): error TS2345: Argument of type '{ tagId: number | null; listId: number; }' is not assignable to parameter of type '{ feedUrl: any; feedId: any; listId: any; siteId: any; tagId: any; }'.
  Type '{ tagId: number | null; listId: number; }' is missing the following properties from type '{ feedUrl: any; feedId: any; listId: any; siteId: any; tagId: any; }': feedUrl, feedId, siteId
client/server/api/index.js(3,21): error TS6307: File '/Users/sergio/src/automattic/wp-calypso/client/package.json' is not listed within the file list of project '/Users/sergio/src/automattic/wp-calypso/client/tsconfig.json'. Projects must list all files or use an 'include' pattern.
  The file is in the program because:
    Imported via '../../package.json' from file '/Users/sergio/src/automattic/wp-calypso/client/server/api/index.js'
    Imported via '../../../package.json' from file '/Users/sergio/src/automattic/wp-calypso/client/server/api/integration/index.js'
client/signup/steps/intent/intent-screen.tsx(22,24): error TS7031: Binding element 'translate' implicitly has an 'any' type.
client/state/automated-transfer/selectors/get-automated-transfer-status.ts(12,32): error TS7006: Parameter 'state' implicitly has an 'any' type.
client/state/automated-transfer/selectors/get-automated-transfer.ts(5,39): error TS7006: Parameter 'state' implicitly has an 'any' type.
client/state/automated-transfer/selectors/get-automated-transfer.ts(6,37): error TS2769: No overload matches this call.
  The last overload gave the following error.
    Type 'number | null' is not assignable to type 'PropertyName'.
      Type 'null' is not assignable to type 'PropertyName'.
client/state/automated-transfer/selectors/index.ts(33,37): error TS7006: Parameter 'state' implicitly has an 'any' type.
client/state/automated-transfer/selectors/index.ts(51,39): error TS7006: Parameter 'state' implicitly has an 'any' type.
client/state/data-getters/wpcom/jetpack-blogs/keys/index.ts(17,3): error TS2345: Argument of type 'object' is not assignable to parameter of type 'AnyAction | Lazy<AnyAction>'.
  Type 'object' is not assignable to type 'Lazy<AnyAction>'.
client/state/data-layer/http-data.ts(136,3): error TS2349: This expression is not callable.
  Type '{}' has no call signatures.
client/state/data-layer/http-data.ts(304,43): error TS2339: Property 'app' does not exist on type 'Window & typeof globalThis'.
client/state/data-layer/http-data.ts(304,57): error TS2339: Property 'app' does not exist on type 'Window & typeof globalThis'.
client/state/data-layer/http-data.ts(305,9): error TS2339: Property 'getHttpData' does not exist on type 'Window & typeof globalThis'.
client/state/data-layer/http-data.ts(306,9): error TS2339: Property 'httpData' does not exist on type 'Window & typeof globalThis'.
client/state/data-layer/http-data.ts(307,9): error TS2339: Property 'requestHttpData' does not exist on type 'Window & typeof globalThis'.
client/state/data-layer/http-data.ts(308,9): error TS2339: Property 'waitForHttpData' does not exist on type 'Window & typeof globalThis'.
client/state/data-layer/wpcom/activity-log/update-credentials/vendor/credentials-test-progress.ts(72,19): error TS2345: Argument of type 'any' is not assignable to parameter of type 'never'.
client/state/data-layer/wpcom/activity-log/update-credentials/vendor/credentials-test-progress.ts(72,27): error TS2339: Property 'kind' does not exist on type 'never'.
client/state/data-layer/wpcom/sites/jitm/index.js(9,20): error TS6307: File '/Users/sergio/src/automattic/wp-calypso/client/state/data-layer/wpcom/sites/jitm/schema.json' is not listed within the file list of project '/Users/sergio/src/automattic/wp-calypso/client/tsconfig.json'. Projects must list all files or use an 'include' pattern.
client/state/data-layer/wpcom/sites/rewind/policies/index.ts(50,3): error TS2349: This expression is not callable.
  Type '{}' has no call signatures.
client/state/data-layer/wpcom/sites/rewind/size/index.ts(51,3): error TS2349: This expression is not callable.
  Type '{}' has no call signatures.
client/state/jetpack-checkout/reducer.ts(26,19): error TS2339: Property 'payload' does not exist on type 'KeyedReducerAction<Action<any>>'.
client/state/jetpack-review-prompt/actions.ts(44,8): error TS7006: Parameter 'dispatch' implicitly has an 'any' type.
client/state/jetpack-review-prompt/actions.ts(44,18): error TS7006: Parameter 'getState' implicitly has an 'any' type.
client/state/jetpack-review-prompt/actions.ts(81,2): error TS7006: Parameter 'dispatch' implicitly has an 'any' type.
client/state/jetpack-review-prompt/actions.ts(82,2): error TS7006: Parameter 'getState' implicitly has an 'any' type.
client/state/jetpack-review-prompt/selectors.ts(19,6): error TS2532: Object is possibly 'undefined'.
client/state/jetpack-review-prompt/selectors.ts(19,6): error TS7053: Element implicitly has an 'any' type because expression of type 'any' can't be used to index type 'SinglePreferenceType'.
client/state/login/actions/reboot-after-login.ts(11,3): error TS2345: Argument of type 'AnyThunkAction' is not assignable to parameter of type 'AnyAction'.
  Property 'type' is missing in type 'AnyThunkAction' but required in type 'AnyAction'.
client/state/marketing/selectors.ts(12,50): error TS2339: Property 'meta' does not exist on type 'object'.
client/state/marketplace/purchase-flow/actions.ts(112,14): error TS2345: Argument of type '(dispatch: any) => any' is not assignable to parameter of type 'AnyAction'.
  Property 'type' is missing in type '(dispatch: any) => any' but required in type 'AnyAction'.
client/state/marketplace/purchase-flow/actions.ts(113,14): error TS2345: Argument of type '(dispatch: any, getState: any) => Promise<void>' is not assignable to parameter of type 'AnyAction'.
  Property 'type' is missing in type '(dispatch: any, getState: any) => Promise<void>' but required in type 'AnyAction'.
client/state/marketplace/purchase-flow/actions.ts(125,15): error TS2345: Argument of type '(dispatch: any) => any' is not assignable to parameter of type 'AnyAction'.
client/state/marketplace/purchase-flow/actions.ts(126,15): error TS2345: Argument of type '(dispatch: any, getState: any) => Promise<void>' is not assignable to parameter of type 'AnyAction'.
client/state/marketplace/purchase-flow/actions.ts(133,15): error TS2345: Argument of type '(dispatch: any) => any' is not assignable to parameter of type 'AnyAction'.
  Property 'type' is missing in type '(dispatch: any) => any' but required in type 'AnyAction'.
client/state/marketplace/purchase-flow/actions.ts(171,14): error TS2345: Argument of type 'object' is not assignable to parameter of type 'AnyAction'.
client/state/marketplace/purchase-flow/actions.ts(183,16): error TS2345: Argument of type 'Promise<any>' is not assignable to parameter of type 'AnyAction'.
  Property 'type' is missing in type 'Promise<any>' but required in type 'AnyAction'.
client/state/marketplace/purchase-flow/actions.ts(246,15): error TS2345: Argument of type '(dispatch: Dispatch<AnyAction>, getState: () => IAppState) => void' is not assignable to parameter of type 'AnyAction'.
  Property 'type' is missing in type '(dispatch: Dispatch<AnyAction>, getState: () => IAppState) => void' but required in type 'AnyAction'.
client/state/marketplace/purchase-flow/actions.ts(248,15): error TS2345: Argument of type '(dispatch: Dispatch<AnyAction>, getState: () => IAppState) => void' is not assignable to parameter of type 'AnyAction'.
  Property 'type' is missing in type '(dispatch: Dispatch<AnyAction>, getState: () => IAppState) => void' but required in type 'AnyAction'.
client/state/marketplace/purchase-flow/actions.ts(248,15): error TS2554: Expected 3 arguments, but got 2.
client/state/partner-portal/licenses/handlers.ts(53,16): error TS7006: Parameter 'options' implicitly has an 'any' type.
client/state/partner-portal/licenses/hooks/use-billing-dashboard-query.ts(104,16): error TS2339: Property 'hasOwnProperty' does not exist on type 'TError'.
client/state/partner-portal/licenses/hooks/use-billing-dashboard-query.ts(104,85): error TS2339: Property 'code' does not exist on type 'TError'.
client/state/partner-portal/licenses/hooks/use-billing-dashboard-query.ts(129,16): error TS2339: Property 'hasOwnProperty' does not exist on type 'TError'.
client/state/partner-portal/licenses/hooks/use-billing-dashboard-query.ts(129,85): error TS2339: Property 'code' does not exist on type 'TError'.
client/state/partner-portal/partner/reducer.ts(82,2): error TS2322: Type 'Function' is not assignable to type 'Reducer<any, AnyAction>'.
client/state/partner-portal/partner/selectors.ts(40,2): error TS2322: Type 'APIError | null' is not assignable to type 'string'.
  Type 'null' is not assignable to type 'string'.
client/state/partner-portal/payment-methods/reducer.ts(25,44): error TS2345: Argument of type 'unknown' is not assignable to parameter of type 'string'.
client/state/partner-portal/payment-methods/reducer.ts(34,6): error TS2698: Spread types may only be created from object types.
client/state/partner-portal/payment-methods/reducer.ts(41,5): error TS7053: Element implicitly has an 'any' type because expression of type 'string' can't be used to index type '{}'.
  No index signature with a parameter of type 'string' was found on type '{}'.
client/state/partner-portal/payment-methods/reducer.ts(42,13): error TS2571: Object is of type 'unknown'.
client/state/receipts/assembler.js(98,3): error TS2322: Type '{ delayedProvisioning: boolean; freeTrial: boolean | undefined; isDomainRegistration: boolean; meta: string; productId: string | number; productSlug: string; productType: string; productName: string; ... 4 more ...; isRootDomainWithUs: boolean; }[]' is not assignable to type 'Purchase[]'.
  Type '{ delayedProvisioning: boolean; freeTrial: boolean | undefined; isDomainRegistration: boolean; meta: string; productId: string | number; productSlug: string; productType: string; productName: string; ... 4 more ...; isRootDomainWithUs: boolean; }' is not assignable to type 'Purchase'.
    Types of property 'freeTrial' are incompatible.
      Type 'boolean | undefined' is not assignable to type 'boolean'.
        Type 'undefined' is not assignable to type 'boolean'.
client/state/selectors/get-settings-url.ts(15,39): error TS2554: Expected 1 arguments, but got 2.
client/state/selectors/get-site-scan-request-status.ts(11,51): error TS7006: Parameter 'state' implicitly has an 'any' type.
client/state/selectors/get-site-scan-request-status.ts(11,58): error TS7006: Parameter 'siteId' implicitly has an 'any' type.
client/state/selectors/get-site-scan-updating-threats.ts(11,53): error TS7006: Parameter 'state' implicitly has an 'any' type.
client/state/selectors/is-eligible-for-upwork-support.ts(10,53): error TS7006: Parameter 'state' implicitly has an 'any' type.
client/state/selectors/is-eligible-for-upwork-support.ts(11,9): error TS2571: Object is of type 'unknown'.
client/state/selectors/is-private-site.ts(16,15): error TS2339: Property 'is_private' does not exist on type 'object'.
client/state/selectors/is-private-site.ts(23,29): error TS2339: Property 'blog_public' does not exist on type 'object'.
client/state/selectors/is-rewind-active.ts(10,41): error TS7006: Parameter 'state' implicitly has an 'any' type.
client/state/selectors/is-rewind-active.ts(10,48): error TS7006: Parameter 'siteId' implicitly has an 'any' type.
client/state/sites/products/conflicts.ts(39,46): error TS2345: Argument of type 'string' is not assignable to parameter of type '"jetpack_free" | "jetpack_security_daily" | "jetpack_security_daily_monthly" | "jetpack_security_realtime" | "jetpack_security_realtime_monthly" | "jetpack_security_t1_yearly" | ... 10 more ... | "jetpack_premium_monthly"'.
client/state/sites/products/conflicts.ts(112,52): error TS2345: Argument of type 'string' is not assignable to parameter of type '"jetpack_free" | "jetpack_security_daily" | "jetpack_security_daily_monthly" | "jetpack_security_realtime" | "jetpack_security_realtime_monthly" | "jetpack_security_t1_yearly" | ... 10 more ... | "jetpack_premium_monthly"'.
client/state/sites/selectors/get-site-home-url.ts(17,39): error TS2554: Expected 1 arguments, but got 2.
client/state/sites/selectors/get-site-home-url.ts(21,30): error TS2345: Argument of type '"" | null' is not assignable to parameter of type 'string | number | undefined'.
  Type 'null' is not assignable to type 'string | number | undefined'.
client/state/sites/selectors/get-site-plan.ts(24,38): error TS7006: Parameter 'state' implicitly has an 'any' type.
client/state/sites/selectors/get-site-plan.ts(34,12): error TS2339: Property 'plan' does not exist on type 'object'.
client/state/sites/selectors/get-site-plan.ts(35,13): error TS2339: Property 'jetpack' does not exist on type 'object'.
client/state/sites/selectors/get-site-plan.ts(54,14): error TS2339: Property 'plan' does not exist on type 'object'.
client/state/sites/selectors/get-site-products.ts(26,80): error TS2677: A type predicate's type must be assignable to its parameter's type.
  Type 'SiteWithProducts' is not assignable to type 'Record<string, unknown>'.
    Index signature for type 'string' is missing in type 'SiteWithProducts'.
client/state/sites/selectors/get-site-products.ts(27,11): error TS2352: Conversion of type 'Record<string, unknown> | null' to type 'SiteWithProducts' may be a mistake because neither type sufficiently overlaps with the other. If this was intentional, convert the expression to 'unknown' first.
  Property 'products' is missing in type 'Record<string, unknown>' but required in type 'SiteWithProducts'.
client/state/sites/selectors/get-site-products.ts(45,39): error TS2345: Argument of type 'object' is not assignable to parameter of type 'Record<string, unknown> | null'.
  Type 'object' is not assignable to type 'Record<string, unknown>'.
    Index signature for type 'string' is missing in type '{}'.
client/state/utils/keyed-reducer.ts(86,23): error TS2349: This expression is not callable.
  Type 'never' has no call signatures.
client/state/utils/keyed-reducer.ts(105,24): error TS2349: This expression is not callable.
  Type 'never' has no call signatures.
client/state/utils/keyed-reducer.ts(142,3): error TS2322: Type '(persisted: any) => Dictionary<unknown>' is not assignable to type '(persisted: any) => Record<string | number, TState>'.
  Type 'Dictionary<unknown>' is not assignable to type 'Record<string | number, TState>'.
    'string' index signatures are incompatible.
      Type 'unknown' is not assignable to type 'TState'.
        'TState' could be instantiated with an arbitrary type which could be unrelated to 'unknown'.
